<?xml version="1.0" encoding="UTF-8"?>
<testsuite xmlns:xsi="http://www.w3.org/2001/XMLSchema-instance" xsi:noNamespaceSchemaLocation="https://maven.apache.org/surefire/maven-surefire-plugin/xsd/surefire-test-report.xsd" name="com.giangvt.unittest.services.DataServiceTest" time="0.596" tests="1013" errors="0" skipped="0" failures="0">
  <properties>
[...]
</properties>
  <testcase name="ensureThatFellowsStayASmallGroup" classname="com.giangvt.unittest.services.DataServiceTest" time="0"/>
  <testcase name="testThatAgeMustBeLargerThanZeroViaConstructor" classname="com.giangvt.unittest.services.DataServiceTest" time="0.001"/>
  <testcase name="ensureThatOneRingBearerIsPartOfTheFellowship" classname="com.giangvt.unittest.services.DataServiceTest" time="0.002"/>
  <testcase name="exceptionTesting" classname="com.giangvt.unittest.services.DataServiceTest" time="0.001"/>
  <testcase name="ensureFellowShipCharacterAccessByNameWorksGivenCorrectNameIsGiven" classname="com.giangvt.unittest.services.DataServiceTest" time="0.001"/>
  <testcase name="ensureOrdering" classname="com.giangvt.unittest.services.DataServiceTest" time="0"/>
  <testcase name="ensureAge" classname="com.giangvt.unittest.services.DataServiceTest" time="0.003"/>
  <testcase name="ensureThatWeCanRetrieveFellowshipMultipleTimes[1]" classname="com.giangvt.unittest.services.DataServiceTest" time="0.001"/>
  <testcase name="ensureThatWeCanRetrieveFellowshipMultipleTimes[2]" classname="com.giangvt.unittest.services.DataServiceTest" time="0.001"/>
  <testcase name="ensureThatWeCanRetrieveFellowshipMultipleTimes[3]" classname="com.giangvt.unittest.services.DataServiceTest" time="0"/>
  <testcase name="ensureThatWeCanRetrieveFellowshipMultipleTimes[4]" classname="com.giangvt.unittest.services.DataServiceTest" time="0.002"/>
  <testcase name="ensureThatWeCanRetrieveFellowshipMultipleTimes[5]" classname="com.giangvt.unittest.services.DataServiceTest" time="0"/>
  <testcase name="ensureThatWeCanRetrieveFellowshipMultipleTimes[6]" classname="com.giangvt.unittest.services.DataServiceTest" time="0"/>
  <testcase name="ensureThatWeCanRetrieveFellowshipMultipleTimes[7]" classname="com.giangvt.unittest.services.DataServiceTest" time="0.001"/>
  <testcase name="ensureThatWeCanRetrieveFellowshipMultipleTimes[8]" classname="com.giangvt.unittest.services.DataServiceTest" time="0.001"/>
  <testcase name="ensureThatWeCanRetrieveFellowshipMultipleTimes[9]" classname="com.giangvt.unittest.services.DataServiceTest" time="0.001"/>
  <testcase name="ensureThatWeCanRetrieveFellowshipMultipleTimes[10]" classname="com.giangvt.unittest.services.DataServiceTest" time="0"/>
  <testcase name="ensureThatWeCanRetrieveFellowshipMultipleTimes[11]" classname="com.giangvt.unittest.services.DataServiceTest" time="0"/>
  <testcase name="ensureThatWeCanRetrieveFellowshipMultipleTimes[12]" classname="com.giangvt.unittest.services.DataServiceTest" time="0"/>
  <testcase name="ensureThatWeCanRetrieveFellowshipMultipleTimes[13]" classname="com.giangvt.unittest.services.DataServiceTest" time="0"/>
  <testcase name="ensureThatWeCanRetrieveFellowshipMultipleTimes[14]" classname="com.giangvt.unittest.services.DataServiceTest" time="0"/>
  <testcase name="ensureThatWeCanRetrieveFellowshipMultipleTimes[15]" classname="com.giangvt.unittest.services.DataServiceTest" time="0"/>
  <testcase name="ensureThatWeCanRetrieveFellowshipMultipleTimes[16]" classname="com.giangvt.unittest.services.DataServiceTest" time="0"/>
  <testcase name="ensureThatWeCanRetrieveFellowshipMultipleTimes[17]" classname="com.giangvt.unittest.services.DataServiceTest" time="0"/>
  <testcase name="ensureThatWeCanRetrieveFellowshipMultipleTimes[18]" classname="com.giangvt.unittest.services.DataServiceTest" time="0"/>
  <testcase name="ensureThatWeCanRetrieveFellowshipMultipleTimes[19]" classname="com.giangvt.unittest.services.DataServiceTest" time="0.001"/>
  <testcase name="ensureThatWeCanRetrieveFellowshipMultipleTimes[20]" classname="com.giangvt.unittest.services.DataServiceTest" time="0"/>
  <testcase name="ensureThatWeCanRetrieveFellowshipMultipleTimes[21]" classname="com.giangvt.unittest.services.DataServiceTest" time="0"/>
  <testcase name="ensureThatWeCanRetrieveFellowshipMultipleTimes[22]" classname="com.giangvt.unittest.services.DataServiceTest" time="0"/>
  <testcase name="ensureThatWeCanRetrieveFellowshipMultipleTimes[23]" classname="com.giangvt.unittest.services.DataServiceTest" time="0"/>
  <testcase name="ensureThatWeCanRetrieveFellowshipMultipleTimes[24]" classname="com.giangvt.unittest.services.DataServiceTest" time="0"/>
  <testcase name="ensureThatWeCanRetrieveFellowshipMultipleTimes[25]" classname="com.giangvt.unittest.services.DataServiceTest" time="0"/>
  <testcase name="ensureThatWeCanRetrieveFellowshipMultipleTimes[26]" classname="com.giangvt.unittest.services.DataServiceTest" time="0"/>
  <testcase name="ensureThatWeCanRetrieveFellowshipMultipleTimes[27]" classname="com.giangvt.unittest.services.DataServiceTest" time="0.001"/>
  <testcase name="ensureThatWeCanRetrieveFellowshipMultipleTimes[28]" classname="com.giangvt.unittest.services.DataServiceTest" time="0"/>
  <testcase name="ensureThatWeCanRetrieveFellowshipMultipleTimes[29]" classname="com.giangvt.unittest.services.DataServiceTest" time="0"/>
  <testcase name="ensureThatWeCanRetrieveFellowshipMultipleTimes[30]" classname="com.giangvt.unittest.services.DataServiceTest" time="0.001"/>
  <testcase name="ensureThatWeCanRetrieveFellowshipMultipleTimes[31]" classname="com.giangvt.unittest.services.DataServiceTest" time="0.001"/>
  <testcase name="ensureThatWeCanRetrieveFellowshipMultipleTimes[32]" classname="com.giangvt.unittest.services.DataServiceTest" time="0.006"/>
  <testcase name="ensureThatWeCanRetrieveFellowshipMultipleTimes[33]" classname="com.giangvt.unittest.services.DataServiceTest" time="0"/>
  <testcase name="ensureThatWeCanRetrieveFellowshipMultipleTimes[34]" classname="com.giangvt.unittest.services.DataServiceTest" time="0"/>
  <testcase name="ensureThatWeCanRetrieveFellowshipMultipleTimes[35]" classname="com.giangvt.unittest.services.DataServiceTest" time="0.001"/>
  <testcase name="ensureThatWeCanRetrieveFellowshipMultipleTimes[36]" classname="com.giangvt.unittest.services.DataServiceTest" time="0"/>
  <testcase name="ensureThatWeCanRetrieveFellowshipMultipleTimes[37]" classname="com.giangvt.unittest.services.DataServiceTest" time="0"/>
  <testcase name="ensureThatWeCanRetrieveFellowshipMultipleTimes[38]" classname="com.giangvt.unittest.services.DataServiceTest" time="0"/>
  <testcase name="ensureThatWeCanRetrieveFellowshipMultipleTimes[39]" classname="com.giangvt.unittest.services.DataServiceTest" time="0"/>
  <testcase name="ensureThatWeCanRetrieveFellowshipMultipleTimes[40]" classname="com.giangvt.unittest.services.DataServiceTest" time="0.001"/>
  <testcase name="ensureThatWeCanRetrieveFellowshipMultipleTimes[41]" classname="com.giangvt.unittest.services.DataServiceTest" time="0"/>
  <testcase name="ensureThatWeCanRetrieveFellowshipMultipleTimes[42]" classname="com.giangvt.unittest.services.DataServiceTest" time="0.001"/>
  <testcase name="ensureThatWeCanRetrieveFellowshipMultipleTimes[43]" classname="com.giangvt.unittest.services.DataServiceTest" time="0"/>
  <testcase name="ensureThatWeCanRetrieveFellowshipMultipleTimes[44]" classname="com.giangvt.unittest.services.DataServiceTest" time="0"/>
  <testcase name="ensureThatWeCanRetrieveFellowshipMultipleTimes[45]" classname="com.giangvt.unittest.services.DataServiceTest" time="0"/>
  <testcase name="ensureThatWeCanRetrieveFellowshipMultipleTimes[46]" classname="com.giangvt.unittest.services.DataServiceTest" time="0.012"/>
  <testcase name="ensureThatWeCanRetrieveFellowshipMultipleTimes[47]" classname="com.giangvt.unittest.services.DataServiceTest" time="0"/>
  <testcase name="ensureThatWeCanRetrieveFellowshipMultipleTimes[48]" classname="com.giangvt.unittest.services.DataServiceTest" time="0"/>
  <testcase name="ensureThatWeCanRetrieveFellowshipMultipleTimes[49]" classname="com.giangvt.unittest.services.DataServiceTest" time="0.002"/>
  <testcase name="ensureThatWeCanRetrieveFellowshipMultipleTimes[50]" classname="com.giangvt.unittest.services.DataServiceTest" time="0"/>
  <testcase name="ensureThatWeCanRetrieveFellowshipMultipleTimes[51]" classname="com.giangvt.unittest.services.DataServiceTest" time="0"/>
  <testcase name="ensureThatWeCanRetrieveFellowshipMultipleTimes[52]" classname="com.giangvt.unittest.services.DataServiceTest" time="0"/>
  <testcase name="ensureThatWeCanRetrieveFellowshipMultipleTimes[53]" classname="com.giangvt.unittest.services.DataServiceTest" time="0.01"/>
  <testcase name="ensureThatWeCanRetrieveFellowshipMultipleTimes[54]" classname="com.giangvt.unittest.services.DataServiceTest" time="0"/>
  <testcase name="ensureThatWeCanRetrieveFellowshipMultipleTimes[55]" classname="com.giangvt.unittest.services.DataServiceTest" time="0"/>
  <testcase name="ensureThatWeCanRetrieveFellowshipMultipleTimes[56]" classname="com.giangvt.unittest.services.DataServiceTest" time="0"/>
  <testcase name="ensureThatWeCanRetrieveFellowshipMultipleTimes[57]" classname="com.giangvt.unittest.services.DataServiceTest" time="0"/>
  <testcase name="ensureThatWeCanRetrieveFellowshipMultipleTimes[58]" classname="com.giangvt.unittest.services.DataServiceTest" time="0"/>
  <testcase name="ensureThatWeCanRetrieveFellowshipMultipleTimes[59]" classname="com.giangvt.unittest.services.DataServiceTest" time="0"/>
  <testcase name="ensureThatWeCanRetrieveFellowshipMultipleTimes[60]" classname="com.giangvt.unittest.services.DataServiceTest" time="0"/>
  <testcase name="ensureThatWeCanRetrieveFellowshipMultipleTimes[61]" classname="com.giangvt.unittest.services.DataServiceTest" time="0"/>
  <testcase name="ensureThatWeCanRetrieveFellowshipMultipleTimes[62]" classname="com.giangvt.unittest.services.DataServiceTest" time="0.006"/>
  <testcase name="ensureThatWeCanRetrieveFellowshipMultipleTimes[63]" classname="com.giangvt.unittest.services.DataServiceTest" time="0"/>
  <testcase name="ensureThatWeCanRetrieveFellowshipMultipleTimes[64]" classname="com.giangvt.unittest.services.DataServiceTest" time="0"/>
  <testcase name="ensureThatWeCanRetrieveFellowshipMultipleTimes[65]" classname="com.giangvt.unittest.services.DataServiceTest" time="0.004"/>
  <testcase name="ensureThatWeCanRetrieveFellowshipMultipleTimes[66]" classname="com.giangvt.unittest.services.DataServiceTest" time="0"/>
  <testcase name="ensureThatWeCanRetrieveFellowshipMultipleTimes[67]" classname="com.giangvt.unittest.services.DataServiceTest" time="0"/>
  <testcase name="ensureThatWeCanRetrieveFellowshipMultipleTimes[68]" classname="com.giangvt.unittest.services.DataServiceTest" time="0.001"/>
  <testcase name="ensureThatWeCanRetrieveFellowshipMultipleTimes[69]" classname="com.giangvt.unittest.services.DataServiceTest" time="0.001"/>
  <testcase name="ensureThatWeCanRetrieveFellowshipMultipleTimes[70]" classname="com.giangvt.unittest.services.DataServiceTest" time="0"/>
  <testcase name="ensureThatWeCanRetrieveFellowshipMultipleTimes[71]" classname="com.giangvt.unittest.services.DataServiceTest" time="0.006"/>
  <testcase name="ensureThatWeCanRetrieveFellowshipMultipleTimes[72]" classname="com.giangvt.unittest.services.DataServiceTest" time="0"/>
  <testcase name="ensureThatWeCanRetrieveFellowshipMultipleTimes[73]" classname="com.giangvt.unittest.services.DataServiceTest" time="0"/>
  <testcase name="ensureThatWeCanRetrieveFellowshipMultipleTimes[74]" classname="com.giangvt.unittest.services.DataServiceTest" time="0"/>
  <testcase name="ensureThatWeCanRetrieveFellowshipMultipleTimes[75]" classname="com.giangvt.unittest.services.DataServiceTest" time="0"/>
  <testcase name="ensureThatWeCanRetrieveFellowshipMultipleTimes[76]" classname="com.giangvt.unittest.services.DataServiceTest" time="0"/>
  <testcase name="ensureThatWeCanRetrieveFellowshipMultipleTimes[77]" classname="com.giangvt.unittest.services.DataServiceTest" time="0.001"/>
  <testcase name="ensureThatWeCanRetrieveFellowshipMultipleTimes[78]" classname="com.giangvt.unittest.services.DataServiceTest" time="0"/>
  <testcase name="ensureThatWeCanRetrieveFellowshipMultipleTimes[79]" classname="com.giangvt.unittest.services.DataServiceTest" time="0"/>
  <testcase name="ensureThatWeCanRetrieveFellowshipMultipleTimes[80]" classname="com.giangvt.unittest.services.DataServiceTest" time="0"/>
  <testcase name="ensureThatWeCanRetrieveFellowshipMultipleTimes[81]" classname="com.giangvt.unittest.services.DataServiceTest" time="0"/>
  <testcase name="ensureThatWeCanRetrieveFellowshipMultipleTimes[82]" classname="com.giangvt.unittest.services.DataServiceTest" time="0"/>
  <testcase name="ensureThatWeCanRetrieveFellowshipMultipleTimes[83]" classname="com.giangvt.unittest.services.DataServiceTest" time="0"/>
  <testcase name="ensureThatWeCanRetrieveFellowshipMultipleTimes[84]" classname="com.giangvt.unittest.services.DataServiceTest" time="0.001"/>
  <testcase name="ensureThatWeCanRetrieveFellowshipMultipleTimes[85]" classname="com.giangvt.unittest.services.DataServiceTest" time="0.001"/>
  <testcase name="ensureThatWeCanRetrieveFellowshipMultipleTimes[86]" classname="com.giangvt.unittest.services.DataServiceTest" time="0"/>
  <testcase name="ensureThatWeCanRetrieveFellowshipMultipleTimes[87]" classname="com.giangvt.unittest.services.DataServiceTest" time="0"/>
  <testcase name="ensureThatWeCanRetrieveFellowshipMultipleTimes[88]" classname="com.giangvt.unittest.services.DataServiceTest" time="0"/>
  <testcase name="ensureThatWeCanRetrieveFellowshipMultipleTimes[89]" classname="com.giangvt.unittest.services.DataServiceTest" time="0.001"/>
  <testcase name="ensureThatWeCanRetrieveFellowshipMultipleTimes[90]" classname="com.giangvt.unittest.services.DataServiceTest" time="0"/>
  <testcase name="ensureThatWeCanRetrieveFellowshipMultipleTimes[91]" classname="com.giangvt.unittest.services.DataServiceTest" time="0"/>
  <testcase name="ensureThatWeCanRetrieveFellowshipMultipleTimes[92]" classname="com.giangvt.unittest.services.DataServiceTest" time="0.001"/>
  <testcase name="ensureThatWeCanRetrieveFellowshipMultipleTimes[93]" classname="com.giangvt.unittest.services.DataServiceTest" time="0.001"/>
  <testcase name="ensureThatWeCanRetrieveFellowshipMultipleTimes[94]" classname="com.giangvt.unittest.services.DataServiceTest" time="0.002"/>
  <testcase name="ensureThatWeCanRetrieveFellowshipMultipleTimes[95]" classname="com.giangvt.unittest.services.DataServiceTest" time="0"/>
  <testcase name="ensureThatWeCanRetrieveFellowshipMultipleTimes[96]" classname="com.giangvt.unittest.services.DataServiceTest" time="0"/>
  <testcase name="ensureThatWeCanRetrieveFellowshipMultipleTimes[97]" classname="com.giangvt.unittest.services.DataServiceTest" time="0"/>
  <testcase name="ensureThatWeCanRetrieveFellowshipMultipleTimes[98]" classname="com.giangvt.unittest.services.DataServiceTest" time="0.002"/>
  <testcase name="ensureThatWeCanRetrieveFellowshipMultipleTimes[99]" classname="com.giangvt.unittest.services.DataServiceTest" time="0"/>
  <testcase name="ensureThatWeCanRetrieveFellowshipMultipleTimes[100]" classname="com.giangvt.unittest.services.DataServiceTest" time="0"/>
  <testcase name="ensureThatWeCanRetrieveFellowshipMultipleTimes[101]" classname="com.giangvt.unittest.services.DataServiceTest" time="0"/>
  <testcase name="ensureThatWeCanRetrieveFellowshipMultipleTimes[102]" classname="com.giangvt.unittest.services.DataServiceTest" time="0"/>
  <testcase name="ensureThatWeCanRetrieveFellowshipMultipleTimes[103]" classname="com.giangvt.unittest.services.DataServiceTest" time="0"/>
  <testcase name="ensureThatWeCanRetrieveFellowshipMultipleTimes[104]" classname="com.giangvt.unittest.services.DataServiceTest" time="0.002"/>
  <testcase name="ensureThatWeCanRetrieveFellowshipMultipleTimes[105]" classname="com.giangvt.unittest.services.DataServiceTest" time="0"/>
  <testcase name="ensureThatWeCanRetrieveFellowshipMultipleTimes[106]" classname="com.giangvt.unittest.services.DataServiceTest" time="0"/>
  <testcase name="ensureThatWeCanRetrieveFellowshipMultipleTimes[107]" classname="com.giangvt.unittest.services.DataServiceTest" time="0"/>
  <testcase name="ensureThatWeCanRetrieveFellowshipMultipleTimes[108]" classname="com.giangvt.unittest.services.DataServiceTest" time="0"/>
  <testcase name="ensureThatWeCanRetrieveFellowshipMultipleTimes[109]" classname="com.giangvt.unittest.services.DataServiceTest" time="0.001"/>
  <testcase name="ensureThatWeCanRetrieveFellowshipMultipleTimes[110]" classname="com.giangvt.unittest.services.DataServiceTest" time="0"/>
  <testcase name="ensureThatWeCanRetrieveFellowshipMultipleTimes[111]" classname="com.giangvt.unittest.services.DataServiceTest" time="0"/>
  <testcase name="ensureThatWeCanRetrieveFellowshipMultipleTimes[112]" classname="com.giangvt.unittest.services.DataServiceTest" time="0.001"/>
  <testcase name="ensureThatWeCanRetrieveFellowshipMultipleTimes[113]" classname="com.giangvt.unittest.services.DataServiceTest" time="0"/>
  <testcase name="ensureThatWeCanRetrieveFellowshipMultipleTimes[114]" classname="com.giangvt.unittest.services.DataServiceTest" time="0"/>
  <testcase name="ensureThatWeCanRetrieveFellowshipMultipleTimes[115]" classname="com.giangvt.unittest.services.DataServiceTest" time="0"/>
  <testcase name="ensureThatWeCanRetrieveFellowshipMultipleTimes[116]" classname="com.giangvt.unittest.services.DataServiceTest" time="0"/>
  <testcase name="ensureThatWeCanRetrieveFellowshipMultipleTimes[117]" classname="com.giangvt.unittest.services.DataServiceTest" time="0"/>
  <testcase name="ensureThatWeCanRetrieveFellowshipMultipleTimes[118]" classname="com.giangvt.unittest.services.DataServiceTest" time="0.001"/>
  <testcase name="ensureThatWeCanRetrieveFellowshipMultipleTimes[119]" classname="com.giangvt.unittest.services.DataServiceTest" time="0"/>
  <testcase name="ensureThatWeCanRetrieveFellowshipMultipleTimes[120]" classname="com.giangvt.unittest.services.DataServiceTest" time="0"/>
  <testcase name="ensureThatWeCanRetrieveFellowshipMultipleTimes[121]" classname="com.giangvt.unittest.services.DataServiceTest" time="0"/>
  <testcase name="ensureThatWeCanRetrieveFellowshipMultipleTimes[122]" classname="com.giangvt.unittest.services.DataServiceTest" time="0"/>
  <testcase name="ensureThatWeCanRetrieveFellowshipMultipleTimes[123]" classname="com.giangvt.unittest.services.DataServiceTest" time="0"/>
  <testcase name="ensureThatWeCanRetrieveFellowshipMultipleTimes[124]" classname="com.giangvt.unittest.services.DataServiceTest" time="0.001"/>
  <testcase name="ensureThatWeCanRetrieveFellowshipMultipleTimes[125]" classname="com.giangvt.unittest.services.DataServiceTest" time="0.002"/>
  <testcase name="ensureThatWeCanRetrieveFellowshipMultipleTimes[126]" classname="com.giangvt.unittest.services.DataServiceTest" time="0"/>
  <testcase name="ensureThatWeCanRetrieveFellowshipMultipleTimes[127]" classname="com.giangvt.unittest.services.DataServiceTest" time="0"/>
  <testcase name="ensureThatWeCanRetrieveFellowshipMultipleTimes[128]" classname="com.giangvt.unittest.services.DataServiceTest" time="0"/>
  <testcase name="ensureThatWeCanRetrieveFellowshipMultipleTimes[129]" classname="com.giangvt.unittest.services.DataServiceTest" time="0"/>
  <testcase name="ensureThatWeCanRetrieveFellowshipMultipleTimes[130]" classname="com.giangvt.unittest.services.DataServiceTest" time="0.001"/>
  <testcase name="ensureThatWeCanRetrieveFellowshipMultipleTimes[131]" classname="com.giangvt.unittest.services.DataServiceTest" time="0"/>
  <testcase name="ensureThatWeCanRetrieveFellowshipMultipleTimes[132]" classname="com.giangvt.unittest.services.DataServiceTest" time="0"/>
  <testcase name="ensureThatWeCanRetrieveFellowshipMultipleTimes[133]" classname="com.giangvt.unittest.services.DataServiceTest" time="0.001"/>
  <testcase name="ensureThatWeCanRetrieveFellowshipMultipleTimes[134]" classname="com.giangvt.unittest.services.DataServiceTest" time="0"/>
  <testcase name="ensureThatWeCanRetrieveFellowshipMultipleTimes[135]" classname="com.giangvt.unittest.services.DataServiceTest" time="0"/>
  <testcase name="ensureThatWeCanRetrieveFellowshipMultipleTimes[136]" classname="com.giangvt.unittest.services.DataServiceTest" time="0"/>
  <testcase name="ensureThatWeCanRetrieveFellowshipMultipleTimes[137]" classname="com.giangvt.unittest.services.DataServiceTest" time="0"/>
  <testcase name="ensureThatWeCanRetrieveFellowshipMultipleTimes[138]" classname="com.giangvt.unittest.services.DataServiceTest" time="0"/>
  <testcase name="ensureThatWeCanRetrieveFellowshipMultipleTimes[139]" classname="com.giangvt.unittest.services.DataServiceTest" time="0"/>
  <testcase name="ensureThatWeCanRetrieveFellowshipMultipleTimes[140]" classname="com.giangvt.unittest.services.DataServiceTest" time="0"/>
  <testcase name="ensureThatWeCanRetrieveFellowshipMultipleTimes[141]" classname="com.giangvt.unittest.services.DataServiceTest" time="0"/>
  <testcase name="ensureThatWeCanRetrieveFellowshipMultipleTimes[142]" classname="com.giangvt.unittest.services.DataServiceTest" time="0"/>
  <testcase name="ensureThatWeCanRetrieveFellowshipMultipleTimes[143]" classname="com.giangvt.unittest.services.DataServiceTest" time="0"/>
  <testcase name="ensureThatWeCanRetrieveFellowshipMultipleTimes[144]" classname="com.giangvt.unittest.services.DataServiceTest" time="0.001"/>
  <testcase name="ensureThatWeCanRetrieveFellowshipMultipleTimes[145]" classname="com.giangvt.unittest.services.DataServiceTest" time="0.001"/>
  <testcase name="ensureThatWeCanRetrieveFellowshipMultipleTimes[146]" classname="com.giangvt.unittest.services.DataServiceTest" time="0"/>
  <testcase name="ensureThatWeCanRetrieveFellowshipMultipleTimes[147]" classname="com.giangvt.unittest.services.DataServiceTest" time="0.001"/>
  <testcase name="ensureThatWeCanRetrieveFellowshipMultipleTimes[148]" classname="com.giangvt.unittest.services.DataServiceTest" time="0"/>
  <testcase name="ensureThatWeCanRetrieveFellowshipMultipleTimes[149]" classname="com.giangvt.unittest.services.DataServiceTest" time="0"/>
  <testcase name="ensureThatWeCanRetrieveFellowshipMultipleTimes[150]" classname="com.giangvt.unittest.services.DataServiceTest" time="0"/>
  <testcase name="ensureThatWeCanRetrieveFellowshipMultipleTimes[151]" classname="com.giangvt.unittest.services.DataServiceTest" time="0"/>
  <testcase name="ensureThatWeCanRetrieveFellowshipMultipleTimes[152]" classname="com.giangvt.unittest.services.DataServiceTest" time="0"/>
  <testcase name="ensureThatWeCanRetrieveFellowshipMultipleTimes[153]" classname="com.giangvt.unittest.services.DataServiceTest" time="0"/>
  <testcase name="ensureThatWeCanRetrieveFellowshipMultipleTimes[154]" classname="com.giangvt.unittest.services.DataServiceTest" time="0.001"/>
  <testcase name="ensureThatWeCanRetrieveFellowshipMultipleTimes[155]" classname="com.giangvt.unittest.services.DataServiceTest" time="0"/>
  <testcase name="ensureThatWeCanRetrieveFellowshipMultipleTimes[156]" classname="com.giangvt.unittest.services.DataServiceTest" time="0.001"/>
  <testcase name="ensureThatWeCanRetrieveFellowshipMultipleTimes[157]" classname="com.giangvt.unittest.services.DataServiceTest" time="0.001"/>
  <testcase name="ensureThatWeCanRetrieveFellowshipMultipleTimes[158]" classname="com.giangvt.unittest.services.DataServiceTest" time="0.001"/>
  <testcase name="ensureThatWeCanRetrieveFellowshipMultipleTimes[159]" classname="com.giangvt.unittest.services.DataServiceTest" time="0"/>
  <testcase name="ensureThatWeCanRetrieveFellowshipMultipleTimes[160]" classname="com.giangvt.unittest.services.DataServiceTest" time="0"/>
  <testcase name="ensureThatWeCanRetrieveFellowshipMultipleTimes[161]" classname="com.giangvt.unittest.services.DataServiceTest" time="0.001"/>
  <testcase name="ensureThatWeCanRetrieveFellowshipMultipleTimes[162]" classname="com.giangvt.unittest.services.DataServiceTest" time="0"/>
  <testcase name="ensureThatWeCanRetrieveFellowshipMultipleTimes[163]" classname="com.giangvt.unittest.services.DataServiceTest" time="0"/>
  <testcase name="ensureThatWeCanRetrieveFellowshipMultipleTimes[164]" classname="com.giangvt.unittest.services.DataServiceTest" time="0"/>
  <testcase name="ensureThatWeCanRetrieveFellowshipMultipleTimes[165]" classname="com.giangvt.unittest.services.DataServiceTest" time="0"/>
  <testcase name="ensureThatWeCanRetrieveFellowshipMultipleTimes[166]" classname="com.giangvt.unittest.services.DataServiceTest" time="0"/>
  <testcase name="ensureThatWeCanRetrieveFellowshipMultipleTimes[167]" classname="com.giangvt.unittest.services.DataServiceTest" time="0.001"/>
  <testcase name="ensureThatWeCanRetrieveFellowshipMultipleTimes[168]" classname="com.giangvt.unittest.services.DataServiceTest" time="0"/>
  <testcase name="ensureThatWeCanRetrieveFellowshipMultipleTimes[169]" classname="com.giangvt.unittest.services.DataServiceTest" time="0"/>
  <testcase name="ensureThatWeCanRetrieveFellowshipMultipleTimes[170]" classname="com.giangvt.unittest.services.DataServiceTest" time="0.001"/>
  <testcase name="ensureThatWeCanRetrieveFellowshipMultipleTimes[171]" classname="com.giangvt.unittest.services.DataServiceTest" time="0"/>
  <testcase name="ensureThatWeCanRetrieveFellowshipMultipleTimes[172]" classname="com.giangvt.unittest.services.DataServiceTest" time="0.001"/>
  <testcase name="ensureThatWeCanRetrieveFellowshipMultipleTimes[173]" classname="com.giangvt.unittest.services.DataServiceTest" time="0.001"/>
  <testcase name="ensureThatWeCanRetrieveFellowshipMultipleTimes[174]" classname="com.giangvt.unittest.services.DataServiceTest" time="0"/>
  <testcase name="ensureThatWeCanRetrieveFellowshipMultipleTimes[175]" classname="com.giangvt.unittest.services.DataServiceTest" time="0"/>
  <testcase name="ensureThatWeCanRetrieveFellowshipMultipleTimes[176]" classname="com.giangvt.unittest.services.DataServiceTest" time="0.001"/>
  <testcase name="ensureThatWeCanRetrieveFellowshipMultipleTimes[177]" classname="com.giangvt.unittest.services.DataServiceTest" time="0.002"/>
  <testcase name="ensureThatWeCanRetrieveFellowshipMultipleTimes[178]" classname="com.giangvt.unittest.services.DataServiceTest" time="0"/>
  <testcase name="ensureThatWeCanRetrieveFellowshipMultipleTimes[179]" classname="com.giangvt.unittest.services.DataServiceTest" time="0.001"/>
  <testcase name="ensureThatWeCanRetrieveFellowshipMultipleTimes[180]" classname="com.giangvt.unittest.services.DataServiceTest" time="0"/>
  <testcase name="ensureThatWeCanRetrieveFellowshipMultipleTimes[181]" classname="com.giangvt.unittest.services.DataServiceTest" time="0"/>
  <testcase name="ensureThatWeCanRetrieveFellowshipMultipleTimes[182]" classname="com.giangvt.unittest.services.DataServiceTest" time="0.001"/>
  <testcase name="ensureThatWeCanRetrieveFellowshipMultipleTimes[183]" classname="com.giangvt.unittest.services.DataServiceTest" time="0.001"/>
  <testcase name="ensureThatWeCanRetrieveFellowshipMultipleTimes[184]" classname="com.giangvt.unittest.services.DataServiceTest" time="0.001"/>
  <testcase name="ensureThatWeCanRetrieveFellowshipMultipleTimes[185]" classname="com.giangvt.unittest.services.DataServiceTest" time="0"/>
  <testcase name="ensureThatWeCanRetrieveFellowshipMultipleTimes[186]" classname="com.giangvt.unittest.services.DataServiceTest" time="0"/>
  <testcase name="ensureThatWeCanRetrieveFellowshipMultipleTimes[187]" classname="com.giangvt.unittest.services.DataServiceTest" time="0"/>
  <testcase name="ensureThatWeCanRetrieveFellowshipMultipleTimes[188]" classname="com.giangvt.unittest.services.DataServiceTest" time="0"/>
  <testcase name="ensureThatWeCanRetrieveFellowshipMultipleTimes[189]" classname="com.giangvt.unittest.services.DataServiceTest" time="0"/>
  <testcase name="ensureThatWeCanRetrieveFellowshipMultipleTimes[190]" classname="com.giangvt.unittest.services.DataServiceTest" time="0.001"/>
  <testcase name="ensureThatWeCanRetrieveFellowshipMultipleTimes[191]" classname="com.giangvt.unittest.services.DataServiceTest" time="0"/>
  <testcase name="ensureThatWeCanRetrieveFellowshipMultipleTimes[192]" classname="com.giangvt.unittest.services.DataServiceTest" time="0"/>
  <testcase name="ensureThatWeCanRetrieveFellowshipMultipleTimes[193]" classname="com.giangvt.unittest.services.DataServiceTest" time="0.001"/>
  <testcase name="ensureThatWeCanRetrieveFellowshipMultipleTimes[194]" classname="com.giangvt.unittest.services.DataServiceTest" time="0"/>
  <testcase name="ensureThatWeCanRetrieveFellowshipMultipleTimes[195]" classname="com.giangvt.unittest.services.DataServiceTest" time="0"/>
  <testcase name="ensureThatWeCanRetrieveFellowshipMultipleTimes[196]" classname="com.giangvt.unittest.services.DataServiceTest" time="0"/>
  <testcase name="ensureThatWeCanRetrieveFellowshipMultipleTimes[197]" classname="com.giangvt.unittest.services.DataServiceTest" time="0"/>
  <testcase name="ensureThatWeCanRetrieveFellowshipMultipleTimes[198]" classname="com.giangvt.unittest.services.DataServiceTest" time="0.001"/>
  <testcase name="ensureThatWeCanRetrieveFellowshipMultipleTimes[199]" classname="com.giangvt.unittest.services.DataServiceTest" time="0"/>
  <testcase name="ensureThatWeCanRetrieveFellowshipMultipleTimes[200]" classname="com.giangvt.unittest.services.DataServiceTest" time="0"/>
  <testcase name="ensureThatWeCanRetrieveFellowshipMultipleTimes[201]" classname="com.giangvt.unittest.services.DataServiceTest" time="0.001"/>
  <testcase name="ensureThatWeCanRetrieveFellowshipMultipleTimes[202]" classname="com.giangvt.unittest.services.DataServiceTest" time="0"/>
  <testcase name="ensureThatWeCanRetrieveFellowshipMultipleTimes[203]" classname="com.giangvt.unittest.services.DataServiceTest" time="0"/>
  <testcase name="ensureThatWeCanRetrieveFellowshipMultipleTimes[204]" classname="com.giangvt.unittest.services.DataServiceTest" time="0"/>
  <testcase name="ensureThatWeCanRetrieveFellowshipMultipleTimes[205]" classname="com.giangvt.unittest.services.DataServiceTest" time="0"/>
  <testcase name="ensureThatWeCanRetrieveFellowshipMultipleTimes[206]" classname="com.giangvt.unittest.services.DataServiceTest" time="0"/>
  <testcase name="ensureThatWeCanRetrieveFellowshipMultipleTimes[207]" classname="com.giangvt.unittest.services.DataServiceTest" time="0"/>
  <testcase name="ensureThatWeCanRetrieveFellowshipMultipleTimes[208]" classname="com.giangvt.unittest.services.DataServiceTest" time="0"/>
  <testcase name="ensureThatWeCanRetrieveFellowshipMultipleTimes[209]" classname="com.giangvt.unittest.services.DataServiceTest" time="0"/>
  <testcase name="ensureThatWeCanRetrieveFellowshipMultipleTimes[210]" classname="com.giangvt.unittest.services.DataServiceTest" time="0"/>
  <testcase name="ensureThatWeCanRetrieveFellowshipMultipleTimes[211]" classname="com.giangvt.unittest.services.DataServiceTest" time="0"/>
  <testcase name="ensureThatWeCanRetrieveFellowshipMultipleTimes[212]" classname="com.giangvt.unittest.services.DataServiceTest" time="0"/>
  <testcase name="ensureThatWeCanRetrieveFellowshipMultipleTimes[213]" classname="com.giangvt.unittest.services.DataServiceTest" time="0"/>
  <testcase name="ensureThatWeCanRetrieveFellowshipMultipleTimes[214]" classname="com.giangvt.unittest.services.DataServiceTest" time="0.001"/>
  <testcase name="ensureThatWeCanRetrieveFellowshipMultipleTimes[215]" classname="com.giangvt.unittest.services.DataServiceTest" time="0"/>
  <testcase name="ensureThatWeCanRetrieveFellowshipMultipleTimes[216]" classname="com.giangvt.unittest.services.DataServiceTest" time="0"/>
  <testcase name="ensureThatWeCanRetrieveFellowshipMultipleTimes[217]" classname="com.giangvt.unittest.services.DataServiceTest" time="0.001"/>
  <testcase name="ensureThatWeCanRetrieveFellowshipMultipleTimes[218]" classname="com.giangvt.unittest.services.DataServiceTest" time="0.007"/>
  <testcase name="ensureThatWeCanRetrieveFellowshipMultipleTimes[219]" classname="com.giangvt.unittest.services.DataServiceTest" time="0"/>
  <testcase name="ensureThatWeCanRetrieveFellowshipMultipleTimes[220]" classname="com.giangvt.unittest.services.DataServiceTest" time="0"/>
  <testcase name="ensureThatWeCanRetrieveFellowshipMultipleTimes[221]" classname="com.giangvt.unittest.services.DataServiceTest" time="0"/>
  <testcase name="ensureThatWeCanRetrieveFellowshipMultipleTimes[222]" classname="com.giangvt.unittest.services.DataServiceTest" time="0"/>
  <testcase name="ensureThatWeCanRetrieveFellowshipMultipleTimes[223]" classname="com.giangvt.unittest.services.DataServiceTest" time="0"/>
  <testcase name="ensureThatWeCanRetrieveFellowshipMultipleTimes[224]" classname="com.giangvt.unittest.services.DataServiceTest" time="0"/>
  <testcase name="ensureThatWeCanRetrieveFellowshipMultipleTimes[225]" classname="com.giangvt.unittest.services.DataServiceTest" time="0"/>
  <testcase name="ensureThatWeCanRetrieveFellowshipMultipleTimes[226]" classname="com.giangvt.unittest.services.DataServiceTest" time="0"/>
  <testcase name="ensureThatWeCanRetrieveFellowshipMultipleTimes[227]" classname="com.giangvt.unittest.services.DataServiceTest" time="0"/>
  <testcase name="ensureThatWeCanRetrieveFellowshipMultipleTimes[228]" classname="com.giangvt.unittest.services.DataServiceTest" time="0"/>
  <testcase name="ensureThatWeCanRetrieveFellowshipMultipleTimes[229]" classname="com.giangvt.unittest.services.DataServiceTest" time="0"/>
  <testcase name="ensureThatWeCanRetrieveFellowshipMultipleTimes[230]" classname="com.giangvt.unittest.services.DataServiceTest" time="0"/>
  <testcase name="ensureThatWeCanRetrieveFellowshipMultipleTimes[231]" classname="com.giangvt.unittest.services.DataServiceTest" time="0"/>
  <testcase name="ensureThatWeCanRetrieveFellowshipMultipleTimes[232]" classname="com.giangvt.unittest.services.DataServiceTest" time="0.006"/>
  <testcase name="ensureThatWeCanRetrieveFellowshipMultipleTimes[233]" classname="com.giangvt.unittest.services.DataServiceTest" time="0"/>
  <testcase name="ensureThatWeCanRetrieveFellowshipMultipleTimes[234]" classname="com.giangvt.unittest.services.DataServiceTest" time="0"/>
  <testcase name="ensureThatWeCanRetrieveFellowshipMultipleTimes[235]" classname="com.giangvt.unittest.services.DataServiceTest" time="0"/>
  <testcase name="ensureThatWeCanRetrieveFellowshipMultipleTimes[236]" classname="com.giangvt.unittest.services.DataServiceTest" time="0"/>
  <testcase name="ensureThatWeCanRetrieveFellowshipMultipleTimes[237]" classname="com.giangvt.unittest.services.DataServiceTest" time="0"/>
  <testcase name="ensureThatWeCanRetrieveFellowshipMultipleTimes[238]" classname="com.giangvt.unittest.services.DataServiceTest" time="0"/>
  <testcase name="ensureThatWeCanRetrieveFellowshipMultipleTimes[239]" classname="com.giangvt.unittest.services.DataServiceTest" time="0"/>
  <testcase name="ensureThatWeCanRetrieveFellowshipMultipleTimes[240]" classname="com.giangvt.unittest.services.DataServiceTest" time="0"/>
  <testcase name="ensureThatWeCanRetrieveFellowshipMultipleTimes[241]" classname="com.giangvt.unittest.services.DataServiceTest" time="0"/>
  <testcase name="ensureThatWeCanRetrieveFellowshipMultipleTimes[242]" classname="com.giangvt.unittest.services.DataServiceTest" time="0"/>
  <testcase name="ensureThatWeCanRetrieveFellowshipMultipleTimes[243]" classname="com.giangvt.unittest.services.DataServiceTest" time="0"/>
  <testcase name="ensureThatWeCanRetrieveFellowshipMultipleTimes[244]" classname="com.giangvt.unittest.services.DataServiceTest" time="0"/>
  <testcase name="ensureThatWeCanRetrieveFellowshipMultipleTimes[245]" classname="com.giangvt.unittest.services.DataServiceTest" time="0"/>
  <testcase name="ensureThatWeCanRetrieveFellowshipMultipleTimes[246]" classname="com.giangvt.unittest.services.DataServiceTest" time="0"/>
  <testcase name="ensureThatWeCanRetrieveFellowshipMultipleTimes[247]" classname="com.giangvt.unittest.services.DataServiceTest" time="0"/>
  <testcase name="ensureThatWeCanRetrieveFellowshipMultipleTimes[248]" classname="com.giangvt.unittest.services.DataServiceTest" time="0"/>
  <testcase name="ensureThatWeCanRetrieveFellowshipMultipleTimes[249]" classname="com.giangvt.unittest.services.DataServiceTest" time="0"/>
  <testcase name="ensureThatWeCanRetrieveFellowshipMultipleTimes[250]" classname="com.giangvt.unittest.services.DataServiceTest" time="0"/>
  <testcase name="ensureThatWeCanRetrieveFellowshipMultipleTimes[251]" classname="com.giangvt.unittest.services.DataServiceTest" time="0"/>
  <testcase name="ensureThatWeCanRetrieveFellowshipMultipleTimes[252]" classname="com.giangvt.unittest.services.DataServiceTest" time="0"/>
  <testcase name="ensureThatWeCanRetrieveFellowshipMultipleTimes[253]" classname="com.giangvt.unittest.services.DataServiceTest" time="0"/>
  <testcase name="ensureThatWeCanRetrieveFellowshipMultipleTimes[254]" classname="com.giangvt.unittest.services.DataServiceTest" time="0"/>
  <testcase name="ensureThatWeCanRetrieveFellowshipMultipleTimes[255]" classname="com.giangvt.unittest.services.DataServiceTest" time="0.002"/>
  <testcase name="ensureThatWeCanRetrieveFellowshipMultipleTimes[256]" classname="com.giangvt.unittest.services.DataServiceTest" time="0"/>
  <testcase name="ensureThatWeCanRetrieveFellowshipMultipleTimes[257]" classname="com.giangvt.unittest.services.DataServiceTest" time="0"/>
  <testcase name="ensureThatWeCanRetrieveFellowshipMultipleTimes[258]" classname="com.giangvt.unittest.services.DataServiceTest" time="0.001"/>
  <testcase name="ensureThatWeCanRetrieveFellowshipMultipleTimes[259]" classname="com.giangvt.unittest.services.DataServiceTest" time="0"/>
  <testcase name="ensureThatWeCanRetrieveFellowshipMultipleTimes[260]" classname="com.giangvt.unittest.services.DataServiceTest" time="0"/>
  <testcase name="ensureThatWeCanRetrieveFellowshipMultipleTimes[261]" classname="com.giangvt.unittest.services.DataServiceTest" time="0"/>
  <testcase name="ensureThatWeCanRetrieveFellowshipMultipleTimes[262]" classname="com.giangvt.unittest.services.DataServiceTest" time="0"/>
  <testcase name="ensureThatWeCanRetrieveFellowshipMultipleTimes[263]" classname="com.giangvt.unittest.services.DataServiceTest" time="0"/>
  <testcase name="ensureThatWeCanRetrieveFellowshipMultipleTimes[264]" classname="com.giangvt.unittest.services.DataServiceTest" time="0"/>
  <testcase name="ensureThatWeCanRetrieveFellowshipMultipleTimes[265]" classname="com.giangvt.unittest.services.DataServiceTest" time="0.001"/>
  <testcase name="ensureThatWeCanRetrieveFellowshipMultipleTimes[266]" classname="com.giangvt.unittest.services.DataServiceTest" time="0"/>
  <testcase name="ensureThatWeCanRetrieveFellowshipMultipleTimes[267]" classname="com.giangvt.unittest.services.DataServiceTest" time="0"/>
  <testcase name="ensureThatWeCanRetrieveFellowshipMultipleTimes[268]" classname="com.giangvt.unittest.services.DataServiceTest" time="0"/>
  <testcase name="ensureThatWeCanRetrieveFellowshipMultipleTimes[269]" classname="com.giangvt.unittest.services.DataServiceTest" time="0"/>
  <testcase name="ensureThatWeCanRetrieveFellowshipMultipleTimes[270]" classname="com.giangvt.unittest.services.DataServiceTest" time="0.001"/>
  <testcase name="ensureThatWeCanRetrieveFellowshipMultipleTimes[271]" classname="com.giangvt.unittest.services.DataServiceTest" time="0"/>
  <testcase name="ensureThatWeCanRetrieveFellowshipMultipleTimes[272]" classname="com.giangvt.unittest.services.DataServiceTest" time="0.001"/>
  <testcase name="ensureThatWeCanRetrieveFellowshipMultipleTimes[273]" classname="com.giangvt.unittest.services.DataServiceTest" time="0"/>
  <testcase name="ensureThatWeCanRetrieveFellowshipMultipleTimes[274]" classname="com.giangvt.unittest.services.DataServiceTest" time="0.001"/>
  <testcase name="ensureThatWeCanRetrieveFellowshipMultipleTimes[275]" classname="com.giangvt.unittest.services.DataServiceTest" time="0.001"/>
  <testcase name="ensureThatWeCanRetrieveFellowshipMultipleTimes[276]" classname="com.giangvt.unittest.services.DataServiceTest" time="0"/>
  <testcase name="ensureThatWeCanRetrieveFellowshipMultipleTimes[277]" classname="com.giangvt.unittest.services.DataServiceTest" time="0"/>
  <testcase name="ensureThatWeCanRetrieveFellowshipMultipleTimes[278]" classname="com.giangvt.unittest.services.DataServiceTest" time="0"/>
  <testcase name="ensureThatWeCanRetrieveFellowshipMultipleTimes[279]" classname="com.giangvt.unittest.services.DataServiceTest" time="0"/>
  <testcase name="ensureThatWeCanRetrieveFellowshipMultipleTimes[280]" classname="com.giangvt.unittest.services.DataServiceTest" time="0"/>
  <testcase name="ensureThatWeCanRetrieveFellowshipMultipleTimes[281]" classname="com.giangvt.unittest.services.DataServiceTest" time="0"/>
  <testcase name="ensureThatWeCanRetrieveFellowshipMultipleTimes[282]" classname="com.giangvt.unittest.services.DataServiceTest" time="0"/>
  <testcase name="ensureThatWeCanRetrieveFellowshipMultipleTimes[283]" classname="com.giangvt.unittest.services.DataServiceTest" time="0"/>
  <testcase name="ensureThatWeCanRetrieveFellowshipMultipleTimes[284]" classname="com.giangvt.unittest.services.DataServiceTest" time="0.001"/>
  <testcase name="ensureThatWeCanRetrieveFellowshipMultipleTimes[285]" classname="com.giangvt.unittest.services.DataServiceTest" time="0"/>
  <testcase name="ensureThatWeCanRetrieveFellowshipMultipleTimes[286]" classname="com.giangvt.unittest.services.DataServiceTest" time="0"/>
  <testcase name="ensureThatWeCanRetrieveFellowshipMultipleTimes[287]" classname="com.giangvt.unittest.services.DataServiceTest" time="0"/>
  <testcase name="ensureThatWeCanRetrieveFellowshipMultipleTimes[288]" classname="com.giangvt.unittest.services.DataServiceTest" time="0.001"/>
  <testcase name="ensureThatWeCanRetrieveFellowshipMultipleTimes[289]" classname="com.giangvt.unittest.services.DataServiceTest" time="0"/>
  <testcase name="ensureThatWeCanRetrieveFellowshipMultipleTimes[290]" classname="com.giangvt.unittest.services.DataServiceTest" time="0"/>
  <testcase name="ensureThatWeCanRetrieveFellowshipMultipleTimes[291]" classname="com.giangvt.unittest.services.DataServiceTest" time="0"/>
  <testcase name="ensureThatWeCanRetrieveFellowshipMultipleTimes[292]" classname="com.giangvt.unittest.services.DataServiceTest" time="0"/>
  <testcase name="ensureThatWeCanRetrieveFellowshipMultipleTimes[293]" classname="com.giangvt.unittest.services.DataServiceTest" time="0"/>
  <testcase name="ensureThatWeCanRetrieveFellowshipMultipleTimes[294]" classname="com.giangvt.unittest.services.DataServiceTest" time="0"/>
  <testcase name="ensureThatWeCanRetrieveFellowshipMultipleTimes[295]" classname="com.giangvt.unittest.services.DataServiceTest" time="0"/>
  <testcase name="ensureThatWeCanRetrieveFellowshipMultipleTimes[296]" classname="com.giangvt.unittest.services.DataServiceTest" time="0"/>
  <testcase name="ensureThatWeCanRetrieveFellowshipMultipleTimes[297]" classname="com.giangvt.unittest.services.DataServiceTest" time="0"/>
  <testcase name="ensureThatWeCanRetrieveFellowshipMultipleTimes[298]" classname="com.giangvt.unittest.services.DataServiceTest" time="0"/>
  <testcase name="ensureThatWeCanRetrieveFellowshipMultipleTimes[299]" classname="com.giangvt.unittest.services.DataServiceTest" time="0"/>
  <testcase name="ensureThatWeCanRetrieveFellowshipMultipleTimes[300]" classname="com.giangvt.unittest.services.DataServiceTest" time="0"/>
  <testcase name="ensureThatWeCanRetrieveFellowshipMultipleTimes[301]" classname="com.giangvt.unittest.services.DataServiceTest" time="0"/>
  <testcase name="ensureThatWeCanRetrieveFellowshipMultipleTimes[302]" classname="com.giangvt.unittest.services.DataServiceTest" time="0"/>
  <testcase name="ensureThatWeCanRetrieveFellowshipMultipleTimes[303]" classname="com.giangvt.unittest.services.DataServiceTest" time="0"/>
  <testcase name="ensureThatWeCanRetrieveFellowshipMultipleTimes[304]" classname="com.giangvt.unittest.services.DataServiceTest" time="0.001"/>
  <testcase name="ensureThatWeCanRetrieveFellowshipMultipleTimes[305]" classname="com.giangvt.unittest.services.DataServiceTest" time="0"/>
  <testcase name="ensureThatWeCanRetrieveFellowshipMultipleTimes[306]" classname="com.giangvt.unittest.services.DataServiceTest" time="0"/>
  <testcase name="ensureThatWeCanRetrieveFellowshipMultipleTimes[307]" classname="com.giangvt.unittest.services.DataServiceTest" time="0"/>
  <testcase name="ensureThatWeCanRetrieveFellowshipMultipleTimes[308]" classname="com.giangvt.unittest.services.DataServiceTest" time="0"/>
  <testcase name="ensureThatWeCanRetrieveFellowshipMultipleTimes[309]" classname="com.giangvt.unittest.services.DataServiceTest" time="0"/>
  <testcase name="ensureThatWeCanRetrieveFellowshipMultipleTimes[310]" classname="com.giangvt.unittest.services.DataServiceTest" time="0"/>
  <testcase name="ensureThatWeCanRetrieveFellowshipMultipleTimes[311]" classname="com.giangvt.unittest.services.DataServiceTest" time="0"/>
  <testcase name="ensureThatWeCanRetrieveFellowshipMultipleTimes[312]" classname="com.giangvt.unittest.services.DataServiceTest" time="0"/>
  <testcase name="ensureThatWeCanRetrieveFellowshipMultipleTimes[313]" classname="com.giangvt.unittest.services.DataServiceTest" time="0"/>
  <testcase name="ensureThatWeCanRetrieveFellowshipMultipleTimes[314]" classname="com.giangvt.unittest.services.DataServiceTest" time="0"/>
  <testcase name="ensureThatWeCanRetrieveFellowshipMultipleTimes[315]" classname="com.giangvt.unittest.services.DataServiceTest" time="0"/>
  <testcase name="ensureThatWeCanRetrieveFellowshipMultipleTimes[316]" classname="com.giangvt.unittest.services.DataServiceTest" time="0"/>
  <testcase name="ensureThatWeCanRetrieveFellowshipMultipleTimes[317]" classname="com.giangvt.unittest.services.DataServiceTest" time="0"/>
  <testcase name="ensureThatWeCanRetrieveFellowshipMultipleTimes[318]" classname="com.giangvt.unittest.services.DataServiceTest" time="0"/>
  <testcase name="ensureThatWeCanRetrieveFellowshipMultipleTimes[319]" classname="com.giangvt.unittest.services.DataServiceTest" time="0.001"/>
  <testcase name="ensureThatWeCanRetrieveFellowshipMultipleTimes[320]" classname="com.giangvt.unittest.services.DataServiceTest" time="0"/>
  <testcase name="ensureThatWeCanRetrieveFellowshipMultipleTimes[321]" classname="com.giangvt.unittest.services.DataServiceTest" time="0"/>
  <testcase name="ensureThatWeCanRetrieveFellowshipMultipleTimes[322]" classname="com.giangvt.unittest.services.DataServiceTest" time="0"/>
  <testcase name="ensureThatWeCanRetrieveFellowshipMultipleTimes[323]" classname="com.giangvt.unittest.services.DataServiceTest" time="0"/>
  <testcase name="ensureThatWeCanRetrieveFellowshipMultipleTimes[324]" classname="com.giangvt.unittest.services.DataServiceTest" time="0"/>
  <testcase name="ensureThatWeCanRetrieveFellowshipMultipleTimes[325]" classname="com.giangvt.unittest.services.DataServiceTest" time="0"/>
  <testcase name="ensureThatWeCanRetrieveFellowshipMultipleTimes[326]" classname="com.giangvt.unittest.services.DataServiceTest" time="0"/>
  <testcase name="ensureThatWeCanRetrieveFellowshipMultipleTimes[327]" classname="com.giangvt.unittest.services.DataServiceTest" time="0"/>
  <testcase name="ensureThatWeCanRetrieveFellowshipMultipleTimes[328]" classname="com.giangvt.unittest.services.DataServiceTest" time="0"/>
  <testcase name="ensureThatWeCanRetrieveFellowshipMultipleTimes[329]" classname="com.giangvt.unittest.services.DataServiceTest" time="0"/>
  <testcase name="ensureThatWeCanRetrieveFellowshipMultipleTimes[330]" classname="com.giangvt.unittest.services.DataServiceTest" time="0"/>
  <testcase name="ensureThatWeCanRetrieveFellowshipMultipleTimes[331]" classname="com.giangvt.unittest.services.DataServiceTest" time="0"/>
  <testcase name="ensureThatWeCanRetrieveFellowshipMultipleTimes[332]" classname="com.giangvt.unittest.services.DataServiceTest" time="0"/>
  <testcase name="ensureThatWeCanRetrieveFellowshipMultipleTimes[333]" classname="com.giangvt.unittest.services.DataServiceTest" time="0"/>
  <testcase name="ensureThatWeCanRetrieveFellowshipMultipleTimes[334]" classname="com.giangvt.unittest.services.DataServiceTest" time="0"/>
  <testcase name="ensureThatWeCanRetrieveFellowshipMultipleTimes[335]" classname="com.giangvt.unittest.services.DataServiceTest" time="0"/>
  <testcase name="ensureThatWeCanRetrieveFellowshipMultipleTimes[336]" classname="com.giangvt.unittest.services.DataServiceTest" time="0"/>
  <testcase name="ensureThatWeCanRetrieveFellowshipMultipleTimes[337]" classname="com.giangvt.unittest.services.DataServiceTest" time="0"/>
  <testcase name="ensureThatWeCanRetrieveFellowshipMultipleTimes[338]" classname="com.giangvt.unittest.services.DataServiceTest" time="0"/>
  <testcase name="ensureThatWeCanRetrieveFellowshipMultipleTimes[339]" classname="com.giangvt.unittest.services.DataServiceTest" time="0.001"/>
  <testcase name="ensureThatWeCanRetrieveFellowshipMultipleTimes[340]" classname="com.giangvt.unittest.services.DataServiceTest" time="0"/>
  <testcase name="ensureThatWeCanRetrieveFellowshipMultipleTimes[341]" classname="com.giangvt.unittest.services.DataServiceTest" time="0"/>
  <testcase name="ensureThatWeCanRetrieveFellowshipMultipleTimes[342]" classname="com.giangvt.unittest.services.DataServiceTest" time="0"/>
  <testcase name="ensureThatWeCanRetrieveFellowshipMultipleTimes[343]" classname="com.giangvt.unittest.services.DataServiceTest" time="0"/>
  <testcase name="ensureThatWeCanRetrieveFellowshipMultipleTimes[344]" classname="com.giangvt.unittest.services.DataServiceTest" time="0"/>
  <testcase name="ensureThatWeCanRetrieveFellowshipMultipleTimes[345]" classname="com.giangvt.unittest.services.DataServiceTest" time="0.001"/>
  <testcase name="ensureThatWeCanRetrieveFellowshipMultipleTimes[346]" classname="com.giangvt.unittest.services.DataServiceTest" time="0"/>
  <testcase name="ensureThatWeCanRetrieveFellowshipMultipleTimes[347]" classname="com.giangvt.unittest.services.DataServiceTest" time="0.001"/>
  <testcase name="ensureThatWeCanRetrieveFellowshipMultipleTimes[348]" classname="com.giangvt.unittest.services.DataServiceTest" time="0"/>
  <testcase name="ensureThatWeCanRetrieveFellowshipMultipleTimes[349]" classname="com.giangvt.unittest.services.DataServiceTest" time="0"/>
  <testcase name="ensureThatWeCanRetrieveFellowshipMultipleTimes[350]" classname="com.giangvt.unittest.services.DataServiceTest" time="0.005"/>
  <testcase name="ensureThatWeCanRetrieveFellowshipMultipleTimes[351]" classname="com.giangvt.unittest.services.DataServiceTest" time="0.001"/>
  <testcase name="ensureThatWeCanRetrieveFellowshipMultipleTimes[352]" classname="com.giangvt.unittest.services.DataServiceTest" time="0"/>
  <testcase name="ensureThatWeCanRetrieveFellowshipMultipleTimes[353]" classname="com.giangvt.unittest.services.DataServiceTest" time="0"/>
  <testcase name="ensureThatWeCanRetrieveFellowshipMultipleTimes[354]" classname="com.giangvt.unittest.services.DataServiceTest" time="0.001"/>
  <testcase name="ensureThatWeCanRetrieveFellowshipMultipleTimes[355]" classname="com.giangvt.unittest.services.DataServiceTest" time="0"/>
  <testcase name="ensureThatWeCanRetrieveFellowshipMultipleTimes[356]" classname="com.giangvt.unittest.services.DataServiceTest" time="0"/>
  <testcase name="ensureThatWeCanRetrieveFellowshipMultipleTimes[357]" classname="com.giangvt.unittest.services.DataServiceTest" time="0.001"/>
  <testcase name="ensureThatWeCanRetrieveFellowshipMultipleTimes[358]" classname="com.giangvt.unittest.services.DataServiceTest" time="0"/>
  <testcase name="ensureThatWeCanRetrieveFellowshipMultipleTimes[359]" classname="com.giangvt.unittest.services.DataServiceTest" time="0"/>
  <testcase name="ensureThatWeCanRetrieveFellowshipMultipleTimes[360]" classname="com.giangvt.unittest.services.DataServiceTest" time="0"/>
  <testcase name="ensureThatWeCanRetrieveFellowshipMultipleTimes[361]" classname="com.giangvt.unittest.services.DataServiceTest" time="0"/>
  <testcase name="ensureThatWeCanRetrieveFellowshipMultipleTimes[362]" classname="com.giangvt.unittest.services.DataServiceTest" time="0"/>
  <testcase name="ensureThatWeCanRetrieveFellowshipMultipleTimes[363]" classname="com.giangvt.unittest.services.DataServiceTest" time="0"/>
  <testcase name="ensureThatWeCanRetrieveFellowshipMultipleTimes[364]" classname="com.giangvt.unittest.services.DataServiceTest" time="0"/>
  <testcase name="ensureThatWeCanRetrieveFellowshipMultipleTimes[365]" classname="com.giangvt.unittest.services.DataServiceTest" time="0.001"/>
  <testcase name="ensureThatWeCanRetrieveFellowshipMultipleTimes[366]" classname="com.giangvt.unittest.services.DataServiceTest" time="0"/>
  <testcase name="ensureThatWeCanRetrieveFellowshipMultipleTimes[367]" classname="com.giangvt.unittest.services.DataServiceTest" time="0"/>
  <testcase name="ensureThatWeCanRetrieveFellowshipMultipleTimes[368]" classname="com.giangvt.unittest.services.DataServiceTest" time="0"/>
  <testcase name="ensureThatWeCanRetrieveFellowshipMultipleTimes[369]" classname="com.giangvt.unittest.services.DataServiceTest" time="0"/>
  <testcase name="ensureThatWeCanRetrieveFellowshipMultipleTimes[370]" classname="com.giangvt.unittest.services.DataServiceTest" time="0"/>
  <testcase name="ensureThatWeCanRetrieveFellowshipMultipleTimes[371]" classname="com.giangvt.unittest.services.DataServiceTest" time="0"/>
  <testcase name="ensureThatWeCanRetrieveFellowshipMultipleTimes[372]" classname="com.giangvt.unittest.services.DataServiceTest" time="0"/>
  <testcase name="ensureThatWeCanRetrieveFellowshipMultipleTimes[373]" classname="com.giangvt.unittest.services.DataServiceTest" time="0"/>
  <testcase name="ensureThatWeCanRetrieveFellowshipMultipleTimes[374]" classname="com.giangvt.unittest.services.DataServiceTest" time="0.002"/>
  <testcase name="ensureThatWeCanRetrieveFellowshipMultipleTimes[375]" classname="com.giangvt.unittest.services.DataServiceTest" time="0.003"/>
  <testcase name="ensureThatWeCanRetrieveFellowshipMultipleTimes[376]" classname="com.giangvt.unittest.services.DataServiceTest" time="0"/>
  <testcase name="ensureThatWeCanRetrieveFellowshipMultipleTimes[377]" classname="com.giangvt.unittest.services.DataServiceTest" time="0"/>
  <testcase name="ensureThatWeCanRetrieveFellowshipMultipleTimes[378]" classname="com.giangvt.unittest.services.DataServiceTest" time="0"/>
  <testcase name="ensureThatWeCanRetrieveFellowshipMultipleTimes[379]" classname="com.giangvt.unittest.services.DataServiceTest" time="0"/>
  <testcase name="ensureThatWeCanRetrieveFellowshipMultipleTimes[380]" classname="com.giangvt.unittest.services.DataServiceTest" time="0"/>
  <testcase name="ensureThatWeCanRetrieveFellowshipMultipleTimes[381]" classname="com.giangvt.unittest.services.DataServiceTest" time="0"/>
  <testcase name="ensureThatWeCanRetrieveFellowshipMultipleTimes[382]" classname="com.giangvt.unittest.services.DataServiceTest" time="0"/>
  <testcase name="ensureThatWeCanRetrieveFellowshipMultipleTimes[383]" classname="com.giangvt.unittest.services.DataServiceTest" time="0"/>
  <testcase name="ensureThatWeCanRetrieveFellowshipMultipleTimes[384]" classname="com.giangvt.unittest.services.DataServiceTest" time="0"/>
  <testcase name="ensureThatWeCanRetrieveFellowshipMultipleTimes[385]" classname="com.giangvt.unittest.services.DataServiceTest" time="0"/>
  <testcase name="ensureThatWeCanRetrieveFellowshipMultipleTimes[386]" classname="com.giangvt.unittest.services.DataServiceTest" time="0"/>
  <testcase name="ensureThatWeCanRetrieveFellowshipMultipleTimes[387]" classname="com.giangvt.unittest.services.DataServiceTest" time="0"/>
  <testcase name="ensureThatWeCanRetrieveFellowshipMultipleTimes[388]" classname="com.giangvt.unittest.services.DataServiceTest" time="0"/>
  <testcase name="ensureThatWeCanRetrieveFellowshipMultipleTimes[389]" classname="com.giangvt.unittest.services.DataServiceTest" time="0"/>
  <testcase name="ensureThatWeCanRetrieveFellowshipMultipleTimes[390]" classname="com.giangvt.unittest.services.DataServiceTest" time="0"/>
  <testcase name="ensureThatWeCanRetrieveFellowshipMultipleTimes[391]" classname="com.giangvt.unittest.services.DataServiceTest" time="0.001"/>
  <testcase name="ensureThatWeCanRetrieveFellowshipMultipleTimes[392]" classname="com.giangvt.unittest.services.DataServiceTest" time="0"/>
  <testcase name="ensureThatWeCanRetrieveFellowshipMultipleTimes[393]" classname="com.giangvt.unittest.services.DataServiceTest" time="0"/>
  <testcase name="ensureThatWeCanRetrieveFellowshipMultipleTimes[394]" classname="com.giangvt.unittest.services.DataServiceTest" time="0"/>
  <testcase name="ensureThatWeCanRetrieveFellowshipMultipleTimes[395]" classname="com.giangvt.unittest.services.DataServiceTest" time="0"/>
  <testcase name="ensureThatWeCanRetrieveFellowshipMultipleTimes[396]" classname="com.giangvt.unittest.services.DataServiceTest" time="0"/>
  <testcase name="ensureThatWeCanRetrieveFellowshipMultipleTimes[397]" classname="com.giangvt.unittest.services.DataServiceTest" time="0"/>
  <testcase name="ensureThatWeCanRetrieveFellowshipMultipleTimes[398]" classname="com.giangvt.unittest.services.DataServiceTest" time="0"/>
  <testcase name="ensureThatWeCanRetrieveFellowshipMultipleTimes[399]" classname="com.giangvt.unittest.services.DataServiceTest" time="0"/>
  <testcase name="ensureThatWeCanRetrieveFellowshipMultipleTimes[400]" classname="com.giangvt.unittest.services.DataServiceTest" time="0"/>
  <testcase name="ensureThatWeCanRetrieveFellowshipMultipleTimes[401]" classname="com.giangvt.unittest.services.DataServiceTest" time="0.001"/>
  <testcase name="ensureThatWeCanRetrieveFellowshipMultipleTimes[402]" classname="com.giangvt.unittest.services.DataServiceTest" time="0"/>
  <testcase name="ensureThatWeCanRetrieveFellowshipMultipleTimes[403]" classname="com.giangvt.unittest.services.DataServiceTest" time="0.001"/>
  <testcase name="ensureThatWeCanRetrieveFellowshipMultipleTimes[404]" classname="com.giangvt.unittest.services.DataServiceTest" time="0"/>
  <testcase name="ensureThatWeCanRetrieveFellowshipMultipleTimes[405]" classname="com.giangvt.unittest.services.DataServiceTest" time="0"/>
  <testcase name="ensureThatWeCanRetrieveFellowshipMultipleTimes[406]" classname="com.giangvt.unittest.services.DataServiceTest" time="0"/>
  <testcase name="ensureThatWeCanRetrieveFellowshipMultipleTimes[407]" classname="com.giangvt.unittest.services.DataServiceTest" time="0"/>
  <testcase name="ensureThatWeCanRetrieveFellowshipMultipleTimes[408]" classname="com.giangvt.unittest.services.DataServiceTest" time="0.001"/>
  <testcase name="ensureThatWeCanRetrieveFellowshipMultipleTimes[409]" classname="com.giangvt.unittest.services.DataServiceTest" time="0"/>
  <testcase name="ensureThatWeCanRetrieveFellowshipMultipleTimes[410]" classname="com.giangvt.unittest.services.DataServiceTest" time="0"/>
  <testcase name="ensureThatWeCanRetrieveFellowshipMultipleTimes[411]" classname="com.giangvt.unittest.services.DataServiceTest" time="0"/>
  <testcase name="ensureThatWeCanRetrieveFellowshipMultipleTimes[412]" classname="com.giangvt.unittest.services.DataServiceTest" time="0.001"/>
  <testcase name="ensureThatWeCanRetrieveFellowshipMultipleTimes[413]" classname="com.giangvt.unittest.services.DataServiceTest" time="0"/>
  <testcase name="ensureThatWeCanRetrieveFellowshipMultipleTimes[414]" classname="com.giangvt.unittest.services.DataServiceTest" time="0"/>
  <testcase name="ensureThatWeCanRetrieveFellowshipMultipleTimes[415]" classname="com.giangvt.unittest.services.DataServiceTest" time="0"/>
  <testcase name="ensureThatWeCanRetrieveFellowshipMultipleTimes[416]" classname="com.giangvt.unittest.services.DataServiceTest" time="0"/>
  <testcase name="ensureThatWeCanRetrieveFellowshipMultipleTimes[417]" classname="com.giangvt.unittest.services.DataServiceTest" time="0.001"/>
  <testcase name="ensureThatWeCanRetrieveFellowshipMultipleTimes[418]" classname="com.giangvt.unittest.services.DataServiceTest" time="0"/>
  <testcase name="ensureThatWeCanRetrieveFellowshipMultipleTimes[419]" classname="com.giangvt.unittest.services.DataServiceTest" time="0"/>
  <testcase name="ensureThatWeCanRetrieveFellowshipMultipleTimes[420]" classname="com.giangvt.unittest.services.DataServiceTest" time="0"/>
  <testcase name="ensureThatWeCanRetrieveFellowshipMultipleTimes[421]" classname="com.giangvt.unittest.services.DataServiceTest" time="0"/>
  <testcase name="ensureThatWeCanRetrieveFellowshipMultipleTimes[422]" classname="com.giangvt.unittest.services.DataServiceTest" time="0.001"/>
  <testcase name="ensureThatWeCanRetrieveFellowshipMultipleTimes[423]" classname="com.giangvt.unittest.services.DataServiceTest" time="0"/>
  <testcase name="ensureThatWeCanRetrieveFellowshipMultipleTimes[424]" classname="com.giangvt.unittest.services.DataServiceTest" time="0"/>
  <testcase name="ensureThatWeCanRetrieveFellowshipMultipleTimes[425]" classname="com.giangvt.unittest.services.DataServiceTest" time="0"/>
  <testcase name="ensureThatWeCanRetrieveFellowshipMultipleTimes[426]" classname="com.giangvt.unittest.services.DataServiceTest" time="0"/>
  <testcase name="ensureThatWeCanRetrieveFellowshipMultipleTimes[427]" classname="com.giangvt.unittest.services.DataServiceTest" time="0.001"/>
  <testcase name="ensureThatWeCanRetrieveFellowshipMultipleTimes[428]" classname="com.giangvt.unittest.services.DataServiceTest" time="0"/>
  <testcase name="ensureThatWeCanRetrieveFellowshipMultipleTimes[429]" classname="com.giangvt.unittest.services.DataServiceTest" time="0"/>
  <testcase name="ensureThatWeCanRetrieveFellowshipMultipleTimes[430]" classname="com.giangvt.unittest.services.DataServiceTest" time="0"/>
  <testcase name="ensureThatWeCanRetrieveFellowshipMultipleTimes[431]" classname="com.giangvt.unittest.services.DataServiceTest" time="0"/>
  <testcase name="ensureThatWeCanRetrieveFellowshipMultipleTimes[432]" classname="com.giangvt.unittest.services.DataServiceTest" time="0.001"/>
  <testcase name="ensureThatWeCanRetrieveFellowshipMultipleTimes[433]" classname="com.giangvt.unittest.services.DataServiceTest" time="0"/>
  <testcase name="ensureThatWeCanRetrieveFellowshipMultipleTimes[434]" classname="com.giangvt.unittest.services.DataServiceTest" time="0"/>
  <testcase name="ensureThatWeCanRetrieveFellowshipMultipleTimes[435]" classname="com.giangvt.unittest.services.DataServiceTest" time="0"/>
  <testcase name="ensureThatWeCanRetrieveFellowshipMultipleTimes[436]" classname="com.giangvt.unittest.services.DataServiceTest" time="0"/>
  <testcase name="ensureThatWeCanRetrieveFellowshipMultipleTimes[437]" classname="com.giangvt.unittest.services.DataServiceTest" time="0"/>
  <testcase name="ensureThatWeCanRetrieveFellowshipMultipleTimes[438]" classname="com.giangvt.unittest.services.DataServiceTest" time="0"/>
  <testcase name="ensureThatWeCanRetrieveFellowshipMultipleTimes[439]" classname="com.giangvt.unittest.services.DataServiceTest" time="0"/>
  <testcase name="ensureThatWeCanRetrieveFellowshipMultipleTimes[440]" classname="com.giangvt.unittest.services.DataServiceTest" time="0"/>
  <testcase name="ensureThatWeCanRetrieveFellowshipMultipleTimes[441]" classname="com.giangvt.unittest.services.DataServiceTest" time="0"/>
  <testcase name="ensureThatWeCanRetrieveFellowshipMultipleTimes[442]" classname="com.giangvt.unittest.services.DataServiceTest" time="0.001"/>
  <testcase name="ensureThatWeCanRetrieveFellowshipMultipleTimes[443]" classname="com.giangvt.unittest.services.DataServiceTest" time="0"/>
  <testcase name="ensureThatWeCanRetrieveFellowshipMultipleTimes[444]" classname="com.giangvt.unittest.services.DataServiceTest" time="0"/>
  <testcase name="ensureThatWeCanRetrieveFellowshipMultipleTimes[445]" classname="com.giangvt.unittest.services.DataServiceTest" time="0"/>
  <testcase name="ensureThatWeCanRetrieveFellowshipMultipleTimes[446]" classname="com.giangvt.unittest.services.DataServiceTest" time="0"/>
  <testcase name="ensureThatWeCanRetrieveFellowshipMultipleTimes[447]" classname="com.giangvt.unittest.services.DataServiceTest" time="0.001"/>
  <testcase name="ensureThatWeCanRetrieveFellowshipMultipleTimes[448]" classname="com.giangvt.unittest.services.DataServiceTest" time="0"/>
  <testcase name="ensureThatWeCanRetrieveFellowshipMultipleTimes[449]" classname="com.giangvt.unittest.services.DataServiceTest" time="0"/>
  <testcase name="ensureThatWeCanRetrieveFellowshipMultipleTimes[450]" classname="com.giangvt.unittest.services.DataServiceTest" time="0"/>
  <testcase name="ensureThatWeCanRetrieveFellowshipMultipleTimes[451]" classname="com.giangvt.unittest.services.DataServiceTest" time="0"/>
  <testcase name="ensureThatWeCanRetrieveFellowshipMultipleTimes[452]" classname="com.giangvt.unittest.services.DataServiceTest" time="0.001"/>
  <testcase name="ensureThatWeCanRetrieveFellowshipMultipleTimes[453]" classname="com.giangvt.unittest.services.DataServiceTest" time="0"/>
  <testcase name="ensureThatWeCanRetrieveFellowshipMultipleTimes[454]" classname="com.giangvt.unittest.services.DataServiceTest" time="0"/>
  <testcase name="ensureThatWeCanRetrieveFellowshipMultipleTimes[455]" classname="com.giangvt.unittest.services.DataServiceTest" time="0"/>
  <testcase name="ensureThatWeCanRetrieveFellowshipMultipleTimes[456]" classname="com.giangvt.unittest.services.DataServiceTest" time="0.001"/>
  <testcase name="ensureThatWeCanRetrieveFellowshipMultipleTimes[457]" classname="com.giangvt.unittest.services.DataServiceTest" time="0"/>
  <testcase name="ensureThatWeCanRetrieveFellowshipMultipleTimes[458]" classname="com.giangvt.unittest.services.DataServiceTest" time="0"/>
  <testcase name="ensureThatWeCanRetrieveFellowshipMultipleTimes[459]" classname="com.giangvt.unittest.services.DataServiceTest" time="0"/>
  <testcase name="ensureThatWeCanRetrieveFellowshipMultipleTimes[460]" classname="com.giangvt.unittest.services.DataServiceTest" time="0"/>
  <testcase name="ensureThatWeCanRetrieveFellowshipMultipleTimes[461]" classname="com.giangvt.unittest.services.DataServiceTest" time="0.001"/>
  <testcase name="ensureThatWeCanRetrieveFellowshipMultipleTimes[462]" classname="com.giangvt.unittest.services.DataServiceTest" time="0"/>
  <testcase name="ensureThatWeCanRetrieveFellowshipMultipleTimes[463]" classname="com.giangvt.unittest.services.DataServiceTest" time="0"/>
  <testcase name="ensureThatWeCanRetrieveFellowshipMultipleTimes[464]" classname="com.giangvt.unittest.services.DataServiceTest" time="0"/>
  <testcase name="ensureThatWeCanRetrieveFellowshipMultipleTimes[465]" classname="com.giangvt.unittest.services.DataServiceTest" time="0"/>
  <testcase name="ensureThatWeCanRetrieveFellowshipMultipleTimes[466]" classname="com.giangvt.unittest.services.DataServiceTest" time="0.001"/>
  <testcase name="ensureThatWeCanRetrieveFellowshipMultipleTimes[467]" classname="com.giangvt.unittest.services.DataServiceTest" time="0"/>
  <testcase name="ensureThatWeCanRetrieveFellowshipMultipleTimes[468]" classname="com.giangvt.unittest.services.DataServiceTest" time="0"/>
  <testcase name="ensureThatWeCanRetrieveFellowshipMultipleTimes[469]" classname="com.giangvt.unittest.services.DataServiceTest" time="0"/>
  <testcase name="ensureThatWeCanRetrieveFellowshipMultipleTimes[470]" classname="com.giangvt.unittest.services.DataServiceTest" time="0"/>
  <testcase name="ensureThatWeCanRetrieveFellowshipMultipleTimes[471]" classname="com.giangvt.unittest.services.DataServiceTest" time="0.001"/>
  <testcase name="ensureThatWeCanRetrieveFellowshipMultipleTimes[472]" classname="com.giangvt.unittest.services.DataServiceTest" time="0"/>
  <testcase name="ensureThatWeCanRetrieveFellowshipMultipleTimes[473]" classname="com.giangvt.unittest.services.DataServiceTest" time="0"/>
  <testcase name="ensureThatWeCanRetrieveFellowshipMultipleTimes[474]" classname="com.giangvt.unittest.services.DataServiceTest" time="0"/>
  <testcase name="ensureThatWeCanRetrieveFellowshipMultipleTimes[475]" classname="com.giangvt.unittest.services.DataServiceTest" time="0"/>
  <testcase name="ensureThatWeCanRetrieveFellowshipMultipleTimes[476]" classname="com.giangvt.unittest.services.DataServiceTest" time="0"/>
  <testcase name="ensureThatWeCanRetrieveFellowshipMultipleTimes[477]" classname="com.giangvt.unittest.services.DataServiceTest" time="0"/>
  <testcase name="ensureThatWeCanRetrieveFellowshipMultipleTimes[478]" classname="com.giangvt.unittest.services.DataServiceTest" time="0"/>
  <testcase name="ensureThatWeCanRetrieveFellowshipMultipleTimes[479]" classname="com.giangvt.unittest.services.DataServiceTest" time="0"/>
  <testcase name="ensureThatWeCanRetrieveFellowshipMultipleTimes[480]" classname="com.giangvt.unittest.services.DataServiceTest" time="0"/>
  <testcase name="ensureThatWeCanRetrieveFellowshipMultipleTimes[481]" classname="com.giangvt.unittest.services.DataServiceTest" time="0.001"/>
  <testcase name="ensureThatWeCanRetrieveFellowshipMultipleTimes[482]" classname="com.giangvt.unittest.services.DataServiceTest" time="0"/>
  <testcase name="ensureThatWeCanRetrieveFellowshipMultipleTimes[483]" classname="com.giangvt.unittest.services.DataServiceTest" time="0.001"/>
  <testcase name="ensureThatWeCanRetrieveFellowshipMultipleTimes[484]" classname="com.giangvt.unittest.services.DataServiceTest" time="0"/>
  <testcase name="ensureThatWeCanRetrieveFellowshipMultipleTimes[485]" classname="com.giangvt.unittest.services.DataServiceTest" time="0"/>
  <testcase name="ensureThatWeCanRetrieveFellowshipMultipleTimes[486]" classname="com.giangvt.unittest.services.DataServiceTest" time="0"/>
  <testcase name="ensureThatWeCanRetrieveFellowshipMultipleTimes[487]" classname="com.giangvt.unittest.services.DataServiceTest" time="0"/>
  <testcase name="ensureThatWeCanRetrieveFellowshipMultipleTimes[488]" classname="com.giangvt.unittest.services.DataServiceTest" time="0.001"/>
  <testcase name="ensureThatWeCanRetrieveFellowshipMultipleTimes[489]" classname="com.giangvt.unittest.services.DataServiceTest" time="0"/>
  <testcase name="ensureThatWeCanRetrieveFellowshipMultipleTimes[490]" classname="com.giangvt.unittest.services.DataServiceTest" time="0"/>
  <testcase name="ensureThatWeCanRetrieveFellowshipMultipleTimes[491]" classname="com.giangvt.unittest.services.DataServiceTest" time="0"/>
  <testcase name="ensureThatWeCanRetrieveFellowshipMultipleTimes[492]" classname="com.giangvt.unittest.services.DataServiceTest" time="0.001"/>
  <testcase name="ensureThatWeCanRetrieveFellowshipMultipleTimes[493]" classname="com.giangvt.unittest.services.DataServiceTest" time="0"/>
  <testcase name="ensureThatWeCanRetrieveFellowshipMultipleTimes[494]" classname="com.giangvt.unittest.services.DataServiceTest" time="0.001"/>
  <testcase name="ensureThatWeCanRetrieveFellowshipMultipleTimes[495]" classname="com.giangvt.unittest.services.DataServiceTest" time="0"/>
  <testcase name="ensureThatWeCanRetrieveFellowshipMultipleTimes[496]" classname="com.giangvt.unittest.services.DataServiceTest" time="0.001"/>
  <testcase name="ensureThatWeCanRetrieveFellowshipMultipleTimes[497]" classname="com.giangvt.unittest.services.DataServiceTest" time="0"/>
  <testcase name="ensureThatWeCanRetrieveFellowshipMultipleTimes[498]" classname="com.giangvt.unittest.services.DataServiceTest" time="0"/>
  <testcase name="ensureThatWeCanRetrieveFellowshipMultipleTimes[499]" classname="com.giangvt.unittest.services.DataServiceTest" time="0"/>
  <testcase name="ensureThatWeCanRetrieveFellowshipMultipleTimes[500]" classname="com.giangvt.unittest.services.DataServiceTest" time="0"/>
  <testcase name="ensureThatWeCanRetrieveFellowshipMultipleTimes[501]" classname="com.giangvt.unittest.services.DataServiceTest" time="0"/>
  <testcase name="ensureThatWeCanRetrieveFellowshipMultipleTimes[502]" classname="com.giangvt.unittest.services.DataServiceTest" time="0"/>
  <testcase name="ensureThatWeCanRetrieveFellowshipMultipleTimes[503]" classname="com.giangvt.unittest.services.DataServiceTest" time="0.001"/>
  <testcase name="ensureThatWeCanRetrieveFellowshipMultipleTimes[504]" classname="com.giangvt.unittest.services.DataServiceTest" time="0"/>
  <testcase name="ensureThatWeCanRetrieveFellowshipMultipleTimes[505]" classname="com.giangvt.unittest.services.DataServiceTest" time="0.001"/>
  <testcase name="ensureThatWeCanRetrieveFellowshipMultipleTimes[506]" classname="com.giangvt.unittest.services.DataServiceTest" time="0"/>
  <testcase name="ensureThatWeCanRetrieveFellowshipMultipleTimes[507]" classname="com.giangvt.unittest.services.DataServiceTest" time="0.001"/>
  <testcase name="ensureThatWeCanRetrieveFellowshipMultipleTimes[508]" classname="com.giangvt.unittest.services.DataServiceTest" time="0"/>
  <testcase name="ensureThatWeCanRetrieveFellowshipMultipleTimes[509]" classname="com.giangvt.unittest.services.DataServiceTest" time="0"/>
  <testcase name="ensureThatWeCanRetrieveFellowshipMultipleTimes[510]" classname="com.giangvt.unittest.services.DataServiceTest" time="0"/>
  <testcase name="ensureThatWeCanRetrieveFellowshipMultipleTimes[511]" classname="com.giangvt.unittest.services.DataServiceTest" time="0.001"/>
  <testcase name="ensureThatWeCanRetrieveFellowshipMultipleTimes[512]" classname="com.giangvt.unittest.services.DataServiceTest" time="0"/>
  <testcase name="ensureThatWeCanRetrieveFellowshipMultipleTimes[513]" classname="com.giangvt.unittest.services.DataServiceTest" time="0"/>
  <testcase name="ensureThatWeCanRetrieveFellowshipMultipleTimes[514]" classname="com.giangvt.unittest.services.DataServiceTest" time="0"/>
  <testcase name="ensureThatWeCanRetrieveFellowshipMultipleTimes[515]" classname="com.giangvt.unittest.services.DataServiceTest" time="0.001"/>
  <testcase name="ensureThatWeCanRetrieveFellowshipMultipleTimes[516]" classname="com.giangvt.unittest.services.DataServiceTest" time="0"/>
  <testcase name="ensureThatWeCanRetrieveFellowshipMultipleTimes[517]" classname="com.giangvt.unittest.services.DataServiceTest" time="0"/>
  <testcase name="ensureThatWeCanRetrieveFellowshipMultipleTimes[518]" classname="com.giangvt.unittest.services.DataServiceTest" time="0.001"/>
  <testcase name="ensureThatWeCanRetrieveFellowshipMultipleTimes[519]" classname="com.giangvt.unittest.services.DataServiceTest" time="0"/>
  <testcase name="ensureThatWeCanRetrieveFellowshipMultipleTimes[520]" classname="com.giangvt.unittest.services.DataServiceTest" time="0"/>
  <testcase name="ensureThatWeCanRetrieveFellowshipMultipleTimes[521]" classname="com.giangvt.unittest.services.DataServiceTest" time="0"/>
  <testcase name="ensureThatWeCanRetrieveFellowshipMultipleTimes[522]" classname="com.giangvt.unittest.services.DataServiceTest" time="0.001"/>
  <testcase name="ensureThatWeCanRetrieveFellowshipMultipleTimes[523]" classname="com.giangvt.unittest.services.DataServiceTest" time="0"/>
  <testcase name="ensureThatWeCanRetrieveFellowshipMultipleTimes[524]" classname="com.giangvt.unittest.services.DataServiceTest" time="0"/>
  <testcase name="ensureThatWeCanRetrieveFellowshipMultipleTimes[525]" classname="com.giangvt.unittest.services.DataServiceTest" time="0"/>
  <testcase name="ensureThatWeCanRetrieveFellowshipMultipleTimes[526]" classname="com.giangvt.unittest.services.DataServiceTest" time="0"/>
  <testcase name="ensureThatWeCanRetrieveFellowshipMultipleTimes[527]" classname="com.giangvt.unittest.services.DataServiceTest" time="0"/>
  <testcase name="ensureThatWeCanRetrieveFellowshipMultipleTimes[528]" classname="com.giangvt.unittest.services.DataServiceTest" time="0.001"/>
  <testcase name="ensureThatWeCanRetrieveFellowshipMultipleTimes[529]" classname="com.giangvt.unittest.services.DataServiceTest" time="0"/>
  <testcase name="ensureThatWeCanRetrieveFellowshipMultipleTimes[530]" classname="com.giangvt.unittest.services.DataServiceTest" time="0"/>
  <testcase name="ensureThatWeCanRetrieveFellowshipMultipleTimes[531]" classname="com.giangvt.unittest.services.DataServiceTest" time="0"/>
  <testcase name="ensureThatWeCanRetrieveFellowshipMultipleTimes[532]" classname="com.giangvt.unittest.services.DataServiceTest" time="0"/>
  <testcase name="ensureThatWeCanRetrieveFellowshipMultipleTimes[533]" classname="com.giangvt.unittest.services.DataServiceTest" time="0"/>
  <testcase name="ensureThatWeCanRetrieveFellowshipMultipleTimes[534]" classname="com.giangvt.unittest.services.DataServiceTest" time="0"/>
  <testcase name="ensureThatWeCanRetrieveFellowshipMultipleTimes[535]" classname="com.giangvt.unittest.services.DataServiceTest" time="0.001"/>
  <testcase name="ensureThatWeCanRetrieveFellowshipMultipleTimes[536]" classname="com.giangvt.unittest.services.DataServiceTest" time="0"/>
  <testcase name="ensureThatWeCanRetrieveFellowshipMultipleTimes[537]" classname="com.giangvt.unittest.services.DataServiceTest" time="0"/>
  <testcase name="ensureThatWeCanRetrieveFellowshipMultipleTimes[538]" classname="com.giangvt.unittest.services.DataServiceTest" time="0"/>
  <testcase name="ensureThatWeCanRetrieveFellowshipMultipleTimes[539]" classname="com.giangvt.unittest.services.DataServiceTest" time="0"/>
  <testcase name="ensureThatWeCanRetrieveFellowshipMultipleTimes[540]" classname="com.giangvt.unittest.services.DataServiceTest" time="0"/>
  <testcase name="ensureThatWeCanRetrieveFellowshipMultipleTimes[541]" classname="com.giangvt.unittest.services.DataServiceTest" time="0"/>
  <testcase name="ensureThatWeCanRetrieveFellowshipMultipleTimes[542]" classname="com.giangvt.unittest.services.DataServiceTest" time="0"/>
  <testcase name="ensureThatWeCanRetrieveFellowshipMultipleTimes[543]" classname="com.giangvt.unittest.services.DataServiceTest" time="0"/>
  <testcase name="ensureThatWeCanRetrieveFellowshipMultipleTimes[544]" classname="com.giangvt.unittest.services.DataServiceTest" time="0"/>
  <testcase name="ensureThatWeCanRetrieveFellowshipMultipleTimes[545]" classname="com.giangvt.unittest.services.DataServiceTest" time="0.001"/>
  <testcase name="ensureThatWeCanRetrieveFellowshipMultipleTimes[546]" classname="com.giangvt.unittest.services.DataServiceTest" time="0"/>
  <testcase name="ensureThatWeCanRetrieveFellowshipMultipleTimes[547]" classname="com.giangvt.unittest.services.DataServiceTest" time="0"/>
  <testcase name="ensureThatWeCanRetrieveFellowshipMultipleTimes[548]" classname="com.giangvt.unittest.services.DataServiceTest" time="0"/>
  <testcase name="ensureThatWeCanRetrieveFellowshipMultipleTimes[549]" classname="com.giangvt.unittest.services.DataServiceTest" time="0"/>
  <testcase name="ensureThatWeCanRetrieveFellowshipMultipleTimes[550]" classname="com.giangvt.unittest.services.DataServiceTest" time="0"/>
  <testcase name="ensureThatWeCanRetrieveFellowshipMultipleTimes[551]" classname="com.giangvt.unittest.services.DataServiceTest" time="0"/>
  <testcase name="ensureThatWeCanRetrieveFellowshipMultipleTimes[552]" classname="com.giangvt.unittest.services.DataServiceTest" time="0"/>
  <testcase name="ensureThatWeCanRetrieveFellowshipMultipleTimes[553]" classname="com.giangvt.unittest.services.DataServiceTest" time="0"/>
  <testcase name="ensureThatWeCanRetrieveFellowshipMultipleTimes[554]" classname="com.giangvt.unittest.services.DataServiceTest" time="0"/>
  <testcase name="ensureThatWeCanRetrieveFellowshipMultipleTimes[555]" classname="com.giangvt.unittest.services.DataServiceTest" time="0"/>
  <testcase name="ensureThatWeCanRetrieveFellowshipMultipleTimes[556]" classname="com.giangvt.unittest.services.DataServiceTest" time="0.001"/>
  <testcase name="ensureThatWeCanRetrieveFellowshipMultipleTimes[557]" classname="com.giangvt.unittest.services.DataServiceTest" time="0"/>
  <testcase name="ensureThatWeCanRetrieveFellowshipMultipleTimes[558]" classname="com.giangvt.unittest.services.DataServiceTest" time="0"/>
  <testcase name="ensureThatWeCanRetrieveFellowshipMultipleTimes[559]" classname="com.giangvt.unittest.services.DataServiceTest" time="0"/>
[...]
  <testcase name="ensureThatWeCanRetrieveFellowshipMultipleTimes[865]" classname="com.giangvt.unittest.services.DataServiceTest" time="0"/>
  <testcase name="ensureThatWeCanRetrieveFellowshipMultipleTimes[866]" classname="com.giangvt.unittest.services.DataServiceTest" time="0"/>
  <testcase name="ensureThatWeCanRetrieveFellowshipMultipleTimes[867]" classname="com.giangvt.unittest.services.DataServiceTest" time="0.001"/>
  <testcase name="ensureThatWeCanRetrieveFellowshipMultipleTimes[868]" classname="com.giangvt.unittest.services.DataServiceTest" time="0"/>
  <testcase name="ensureThatWeCanRetrieveFellowshipMultipleTimes[869]" classname="com.giangvt.unittest.services.DataServiceTest" time="0"/>
  <testcase name="ensureThatWeCanRetrieveFellowshipMultipleTimes[870]" classname="com.giangvt.unittest.services.DataServiceTest" time="0.001"/>
  <testcase name="ensureThatWeCanRetrieveFellowshipMultipleTimes[871]" classname="com.giangvt.unittest.services.DataServiceTest" time="0"/>
  <testcase name="ensureThatWeCanRetrieveFellowshipMultipleTimes[872]" classname="com.giangvt.unittest.services.DataServiceTest" time="0"/>
  <testcase name="ensureThatWeCanRetrieveFellowshipMultipleTimes[873]" classname="com.giangvt.unittest.services.DataServiceTest" time="0"/>
  <testcase name="ensureThatWeCanRetrieveFellowshipMultipleTimes[874]" classname="com.giangvt.unittest.services.DataServiceTest" time="0"/>
  <testcase name="ensureThatWeCanRetrieveFellowshipMultipleTimes[875]" classname="com.giangvt.unittest.services.DataServiceTest" time="0"/>
  <testcase name="ensureThatWeCanRetrieveFellowshipMultipleTimes[876]" classname="com.giangvt.unittest.services.DataServiceTest" time="0"/>
  <testcase name="ensureThatWeCanRetrieveFellowshipMultipleTimes[877]" classname="com.giangvt.unittest.services.DataServiceTest" time="0.001"/>
  <testcase name="ensureThatWeCanRetrieveFellowshipMultipleTimes[878]" classname="com.giangvt.unittest.services.DataServiceTest" time="0"/>
  <testcase name="ensureThatWeCanRetrieveFellowshipMultipleTimes[879]" classname="com.giangvt.unittest.services.DataServiceTest" time="0"/>
  <testcase name="ensureThatWeCanRetrieveFellowshipMultipleTimes[880]" classname="com.giangvt.unittest.services.DataServiceTest" time="0"/>
  <testcase name="ensureThatWeCanRetrieveFellowshipMultipleTimes[881]" classname="com.giangvt.unittest.services.DataServiceTest" time="0"/>
  <testcase name="ensureThatWeCanRetrieveFellowshipMultipleTimes[882]" classname="com.giangvt.unittest.services.DataServiceTest" time="0"/>
  <testcase name="ensureThatWeCanRetrieveFellowshipMultipleTimes[883]" classname="com.giangvt.unittest.services.DataServiceTest" time="0"/>
  <testcase name="ensureThatWeCanRetrieveFellowshipMultipleTimes[884]" classname="com.giangvt.unittest.services.DataServiceTest" time="0"/>
  <testcase name="ensureThatWeCanRetrieveFellowshipMultipleTimes[885]" classname="com.giangvt.unittest.services.DataServiceTest" time="0"/>
  <testcase name="ensureThatWeCanRetrieveFellowshipMultipleTimes[886]" classname="com.giangvt.unittest.services.DataServiceTest" time="0"/>
  <testcase name="ensureThatWeCanRetrieveFellowshipMultipleTimes[887]" classname="com.giangvt.unittest.services.DataServiceTest" time="0"/>
  <testcase name="ensureThatWeCanRetrieveFellowshipMultipleTimes[888]" classname="com.giangvt.unittest.services.DataServiceTest" time="0"/>
  <testcase name="ensureThatWeCanRetrieveFellowshipMultipleTimes[889]" classname="com.giangvt.unittest.services.DataServiceTest" time="0.001"/>
  <testcase name="ensureThatWeCanRetrieveFellowshipMultipleTimes[890]" classname="com.giangvt.unittest.services.DataServiceTest" time="0"/>
  <testcase name="ensureThatWeCanRetrieveFellowshipMultipleTimes[891]" classname="com.giangvt.unittest.services.DataServiceTest" time="0"/>
  <testcase name="ensureThatWeCanRetrieveFellowshipMultipleTimes[892]" classname="com.giangvt.unittest.services.DataServiceTest" time="0"/>
  <testcase name="ensureThatWeCanRetrieveFellowshipMultipleTimes[893]" classname="com.giangvt.unittest.services.DataServiceTest" time="0.001"/>
  <testcase name="ensureThatWeCanRetrieveFellowshipMultipleTimes[894]" classname="com.giangvt.unittest.services.DataServiceTest" time="0"/>
  <testcase name="ensureThatWeCanRetrieveFellowshipMultipleTimes[895]" classname="com.giangvt.unittest.services.DataServiceTest" time="0"/>
  <testcase name="ensureThatWeCanRetrieveFellowshipMultipleTimes[896]" classname="com.giangvt.unittest.services.DataServiceTest" time="0"/>
  <testcase name="ensureThatWeCanRetrieveFellowshipMultipleTimes[897]" classname="com.giangvt.unittest.services.DataServiceTest" time="0"/>
  <testcase name="ensureThatWeCanRetrieveFellowshipMultipleTimes[898]" classname="com.giangvt.unittest.services.DataServiceTest" time="0"/>
  <testcase name="ensureThatWeCanRetrieveFellowshipMultipleTimes[899]" classname="com.giangvt.unittest.services.DataServiceTest" time="0"/>
  <testcase name="ensureThatWeCanRetrieveFellowshipMultipleTimes[900]" classname="com.giangvt.unittest.services.DataServiceTest" time="0"/>
  <testcase name="ensureThatWeCanRetrieveFellowshipMultipleTimes[901]" classname="com.giangvt.unittest.services.DataServiceTest" time="0"/>
  <testcase name="ensureThatWeCanRetrieveFellowshipMultipleTimes[902]" classname="com.giangvt.unittest.services.DataServiceTest" time="0"/>
  <testcase name="ensureThatWeCanRetrieveFellowshipMultipleTimes[903]" classname="com.giangvt.unittest.services.DataServiceTest" time="0.001"/>
  <testcase name="ensureThatWeCanRetrieveFellowshipMultipleTimes[904]" classname="com.giangvt.unittest.services.DataServiceTest" time="0"/>
  <testcase name="ensureThatWeCanRetrieveFellowshipMultipleTimes[905]" classname="com.giangvt.unittest.services.DataServiceTest" time="0"/>
  <testcase name="ensureThatWeCanRetrieveFellowshipMultipleTimes[906]" classname="com.giangvt.unittest.services.DataServiceTest" time="0"/>
  <testcase name="ensureThatWeCanRetrieveFellowshipMultipleTimes[907]" classname="com.giangvt.unittest.services.DataServiceTest" time="0"/>
  <testcase name="ensureThatWeCanRetrieveFellowshipMultipleTimes[908]" classname="com.giangvt.unittest.services.DataServiceTest" time="0"/>
  <testcase name="ensureThatWeCanRetrieveFellowshipMultipleTimes[909]" classname="com.giangvt.unittest.services.DataServiceTest" time="0"/>
  <testcase name="ensureThatWeCanRetrieveFellowshipMultipleTimes[910]" classname="com.giangvt.unittest.services.DataServiceTest" time="0"/>
  <testcase name="ensureThatWeCanRetrieveFellowshipMultipleTimes[911]" classname="com.giangvt.unittest.services.DataServiceTest" time="0"/>
  <testcase name="ensureThatWeCanRetrieveFellowshipMultipleTimes[912]" classname="com.giangvt.unittest.services.DataServiceTest" time="0"/>
  <testcase name="ensureThatWeCanRetrieveFellowshipMultipleTimes[913]" classname="com.giangvt.unittest.services.DataServiceTest" time="0"/>
  <testcase name="ensureThatWeCanRetrieveFellowshipMultipleTimes[914]" classname="com.giangvt.unittest.services.DataServiceTest" time="0.001"/>
  <testcase name="ensureThatWeCanRetrieveFellowshipMultipleTimes[915]" classname="com.giangvt.unittest.services.DataServiceTest" time="0"/>
  <testcase name="ensureThatWeCanRetrieveFellowshipMultipleTimes[916]" classname="com.giangvt.unittest.services.DataServiceTest" time="0"/>
  <testcase name="ensureThatWeCanRetrieveFellowshipMultipleTimes[917]" classname="com.giangvt.unittest.services.DataServiceTest" time="0"/>
  <testcase name="ensureThatWeCanRetrieveFellowshipMultipleTimes[918]" classname="com.giangvt.unittest.services.DataServiceTest" time="0"/>
  <testcase name="ensureThatWeCanRetrieveFellowshipMultipleTimes[919]" classname="com.giangvt.unittest.services.DataServiceTest" time="0"/>
  <testcase name="ensureThatWeCanRetrieveFellowshipMultipleTimes[920]" classname="com.giangvt.unittest.services.DataServiceTest" time="0.001"/>
  <testcase name="ensureThatWeCanRetrieveFellowshipMultipleTimes[921]" classname="com.giangvt.unittest.services.DataServiceTest" time="0"/>
  <testcase name="ensureThatWeCanRetrieveFellowshipMultipleTimes[922]" classname="com.giangvt.unittest.services.DataServiceTest" time="0"/>
  <testcase name="ensureThatWeCanRetrieveFellowshipMultipleTimes[923]" classname="com.giangvt.unittest.services.DataServiceTest" time="0"/>
  <testcase name="ensureThatWeCanRetrieveFellowshipMultipleTimes[924]" classname="com.giangvt.unittest.services.DataServiceTest" time="0"/>
  <testcase name="ensureThatWeCanRetrieveFellowshipMultipleTimes[925]" classname="com.giangvt.unittest.services.DataServiceTest" time="0"/>
  <testcase name="ensureThatWeCanRetrieveFellowshipMultipleTimes[926]" classname="com.giangvt.unittest.services.DataServiceTest" time="0"/>
  <testcase name="ensureThatWeCanRetrieveFellowshipMultipleTimes[927]" classname="com.giangvt.unittest.services.DataServiceTest" time="0.001"/>
  <testcase name="ensureThatWeCanRetrieveFellowshipMultipleTimes[928]" classname="com.giangvt.unittest.services.DataServiceTest" time="0"/>
  <testcase name="ensureThatWeCanRetrieveFellowshipMultipleTimes[929]" classname="com.giangvt.unittest.services.DataServiceTest" time="0.001"/>
  <testcase name="ensureThatWeCanRetrieveFellowshipMultipleTimes[930]" classname="com.giangvt.unittest.services.DataServiceTest" time="0"/>
  <testcase name="ensureThatWeCanRetrieveFellowshipMultipleTimes[931]" classname="com.giangvt.unittest.services.DataServiceTest" time="0"/>
  <testcase name="ensureThatWeCanRetrieveFellowshipMultipleTimes[932]" classname="com.giangvt.unittest.services.DataServiceTest" time="0"/>
  <testcase name="ensureThatWeCanRetrieveFellowshipMultipleTimes[933]" classname="com.giangvt.unittest.services.DataServiceTest" time="0.001"/>
  <testcase name="ensureThatWeCanRetrieveFellowshipMultipleTimes[934]" classname="com.giangvt.unittest.services.DataServiceTest" time="0"/>
  <testcase name="ensureThatWeCanRetrieveFellowshipMultipleTimes[935]" classname="com.giangvt.unittest.services.DataServiceTest" time="0"/>
  <testcase name="ensureThatWeCanRetrieveFellowshipMultipleTimes[936]" classname="com.giangvt.unittest.services.DataServiceTest" time="0"/>
  <testcase name="ensureThatWeCanRetrieveFellowshipMultipleTimes[937]" classname="com.giangvt.unittest.services.DataServiceTest" time="0"/>
  <testcase name="ensureThatWeCanRetrieveFellowshipMultipleTimes[938]" classname="com.giangvt.unittest.services.DataServiceTest" time="0"/>
  <testcase name="ensureThatWeCanRetrieveFellowshipMultipleTimes[939]" classname="com.giangvt.unittest.services.DataServiceTest" time="0"/>
  <testcase name="ensureThatWeCanRetrieveFellowshipMultipleTimes[940]" classname="com.giangvt.unittest.services.DataServiceTest" time="0"/>
  <testcase name="ensureThatWeCanRetrieveFellowshipMultipleTimes[941]" classname="com.giangvt.unittest.services.DataServiceTest" time="0"/>
  <testcase name="ensureThatWeCanRetrieveFellowshipMultipleTimes[942]" classname="com.giangvt.unittest.services.DataServiceTest" time="0"/>
  <testcase name="ensureThatWeCanRetrieveFellowshipMultipleTimes[943]" classname="com.giangvt.unittest.services.DataServiceTest" time="0"/>
  <testcase name="ensureThatWeCanRetrieveFellowshipMultipleTimes[944]" classname="com.giangvt.unittest.services.DataServiceTest" time="0.001"/>
  <testcase name="ensureThatWeCanRetrieveFellowshipMultipleTimes[945]" classname="com.giangvt.unittest.services.DataServiceTest" time="0"/>
  <testcase name="ensureThatWeCanRetrieveFellowshipMultipleTimes[946]" classname="com.giangvt.unittest.services.DataServiceTest" time="0.004"/>
  <testcase name="ensureThatWeCanRetrieveFellowshipMultipleTimes[947]" classname="com.giangvt.unittest.services.DataServiceTest" time="0"/>
  <testcase name="ensureThatWeCanRetrieveFellowshipMultipleTimes[948]" classname="com.giangvt.unittest.services.DataServiceTest" time="0"/>
  <testcase name="ensureThatWeCanRetrieveFellowshipMultipleTimes[949]" classname="com.giangvt.unittest.services.DataServiceTest" time="0"/>
  <testcase name="ensureThatWeCanRetrieveFellowshipMultipleTimes[950]" classname="com.giangvt.unittest.services.DataServiceTest" time="0"/>
  <testcase name="ensureThatWeCanRetrieveFellowshipMultipleTimes[951]" classname="com.giangvt.unittest.services.DataServiceTest" time="0"/>
  <testcase name="ensureThatWeCanRetrieveFellowshipMultipleTimes[952]" classname="com.giangvt.unittest.services.DataServiceTest" time="0"/>
  <testcase name="ensureThatWeCanRetrieveFellowshipMultipleTimes[953]" classname="com.giangvt.unittest.services.DataServiceTest" time="0"/>
  <testcase name="ensureThatWeCanRetrieveFellowshipMultipleTimes[954]" classname="com.giangvt.unittest.services.DataServiceTest" time="0"/>
  <testcase name="ensureThatWeCanRetrieveFellowshipMultipleTimes[955]" classname="com.giangvt.unittest.services.DataServiceTest" time="0"/>
  <testcase name="ensureThatWeCanRetrieveFellowshipMultipleTimes[956]" classname="com.giangvt.unittest.services.DataServiceTest" time="0"/>
  <testcase name="ensureThatWeCanRetrieveFellowshipMultipleTimes[957]" classname="com.giangvt.unittest.services.DataServiceTest" time="0"/>
  <testcase name="ensureThatWeCanRetrieveFellowshipMultipleTimes[958]" classname="com.giangvt.unittest.services.DataServiceTest" time="0"/>
  <testcase name="ensureThatWeCanRetrieveFellowshipMultipleTimes[959]" classname="com.giangvt.unittest.services.DataServiceTest" time="0"/>
  <testcase name="ensureThatWeCanRetrieveFellowshipMultipleTimes[960]" classname="com.giangvt.unittest.services.DataServiceTest" time="0"/>
  <testcase name="ensureThatWeCanRetrieveFellowshipMultipleTimes[961]" classname="com.giangvt.unittest.services.DataServiceTest" time="0"/>
  <testcase name="ensureThatWeCanRetrieveFellowshipMultipleTimes[962]" classname="com.giangvt.unittest.services.DataServiceTest" time="0"/>
  <testcase name="ensureThatWeCanRetrieveFellowshipMultipleTimes[963]" classname="com.giangvt.unittest.services.DataServiceTest" time="0"/>
  <testcase name="ensureThatWeCanRetrieveFellowshipMultipleTimes[964]" classname="com.giangvt.unittest.services.DataServiceTest" time="0"/>
  <testcase name="ensureThatWeCanRetrieveFellowshipMultipleTimes[965]" classname="com.giangvt.unittest.services.DataServiceTest" time="0"/>
  <testcase name="ensureThatWeCanRetrieveFellowshipMultipleTimes[966]" classname="com.giangvt.unittest.services.DataServiceTest" time="0"/>
  <testcase name="ensureThatWeCanRetrieveFellowshipMultipleTimes[967]" classname="com.giangvt.unittest.services.DataServiceTest" time="0"/>
  <testcase name="ensureThatWeCanRetrieveFellowshipMultipleTimes[968]" classname="com.giangvt.unittest.services.DataServiceTest" time="0"/>
  <testcase name="ensureThatWeCanRetrieveFellowshipMultipleTimes[969]" classname="com.giangvt.unittest.services.DataServiceTest" time="0"/>
  <testcase name="ensureThatWeCanRetrieveFellowshipMultipleTimes[970]" classname="com.giangvt.unittest.services.DataServiceTest" time="0"/>
  <testcase name="ensureThatWeCanRetrieveFellowshipMultipleTimes[971]" classname="com.giangvt.unittest.services.DataServiceTest" time="0"/>
  <testcase name="ensureThatWeCanRetrieveFellowshipMultipleTimes[972]" classname="com.giangvt.unittest.services.DataServiceTest" time="0"/>
  <testcase name="ensureThatWeCanRetrieveFellowshipMultipleTimes[973]" classname="com.giangvt.unittest.services.DataServiceTest" time="0"/>
  <testcase name="ensureThatWeCanRetrieveFellowshipMultipleTimes[974]" classname="com.giangvt.unittest.services.DataServiceTest" time="0.001"/>
  <testcase name="ensureThatWeCanRetrieveFellowshipMultipleTimes[975]" classname="com.giangvt.unittest.services.DataServiceTest" time="0"/>
  <testcase name="ensureThatWeCanRetrieveFellowshipMultipleTimes[976]" classname="com.giangvt.unittest.services.DataServiceTest" time="0"/>
  <testcase name="ensureThatWeCanRetrieveFellowshipMultipleTimes[977]" classname="com.giangvt.unittest.services.DataServiceTest" time="0"/>
  <testcase name="ensureThatWeCanRetrieveFellowshipMultipleTimes[978]" classname="com.giangvt.unittest.services.DataServiceTest" time="0"/>
  <testcase name="ensureThatWeCanRetrieveFellowshipMultipleTimes[979]" classname="com.giangvt.unittest.services.DataServiceTest" time="0"/>
  <testcase name="ensureThatWeCanRetrieveFellowshipMultipleTimes[980]" classname="com.giangvt.unittest.services.DataServiceTest" time="0"/>
  <testcase name="ensureThatWeCanRetrieveFellowshipMultipleTimes[981]" classname="com.giangvt.unittest.services.DataServiceTest" time="0"/>
  <testcase name="ensureThatWeCanRetrieveFellowshipMultipleTimes[982]" classname="com.giangvt.unittest.services.DataServiceTest" time="0"/>
  <testcase name="ensureThatWeCanRetrieveFellowshipMultipleTimes[983]" classname="com.giangvt.unittest.services.DataServiceTest" time="0"/>
  <testcase name="ensureThatWeCanRetrieveFellowshipMultipleTimes[984]" classname="com.giangvt.unittest.services.DataServiceTest" time="0"/>
  <testcase name="ensureThatWeCanRetrieveFellowshipMultipleTimes[985]" classname="com.giangvt.unittest.services.DataServiceTest" time="0"/>
  <testcase name="ensureThatWeCanRetrieveFellowshipMultipleTimes[986]" classname="com.giangvt.unittest.services.DataServiceTest" time="0.001"/>
  <testcase name="ensureThatWeCanRetrieveFellowshipMultipleTimes[987]" classname="com.giangvt.unittest.services.DataServiceTest" time="0"/>
  <testcase name="ensureThatWeCanRetrieveFellowshipMultipleTimes[988]" classname="com.giangvt.unittest.services.DataServiceTest" time="0"/>
  <testcase name="ensureThatWeCanRetrieveFellowshipMultipleTimes[989]" classname="com.giangvt.unittest.services.DataServiceTest" time="0"/>
  <testcase name="ensureThatWeCanRetrieveFellowshipMultipleTimes[990]" classname="com.giangvt.unittest.services.DataServiceTest" time="0.001"/>
  <testcase name="ensureThatWeCanRetrieveFellowshipMultipleTimes[991]" classname="com.giangvt.unittest.services.DataServiceTest" time="0"/>
  <testcase name="ensureThatWeCanRetrieveFellowshipMultipleTimes[992]" classname="com.giangvt.unittest.services.DataServiceTest" time="0.001"/>
  <testcase name="ensureThatWeCanRetrieveFellowshipMultipleTimes[993]" classname="com.giangvt.unittest.services.DataServiceTest" time="0"/>
  <testcase name="ensureThatWeCanRetrieveFellowshipMultipleTimes[994]" classname="com.giangvt.unittest.services.DataServiceTest" time="0"/>
  <testcase name="ensureThatWeCanRetrieveFellowshipMultipleTimes[995]" classname="com.giangvt.unittest.services.DataServiceTest" time="0"/>
  <testcase name="ensureThatWeCanRetrieveFellowshipMultipleTimes[996]" classname="com.giangvt.unittest.services.DataServiceTest" time="0.001"/>
  <testcase name="ensureThatWeCanRetrieveFellowshipMultipleTimes[997]" classname="com.giangvt.unittest.services.DataServiceTest" time="0"/>
  <testcase name="ensureThatWeCanRetrieveFellowshipMultipleTimes[998]" classname="com.giangvt.unittest.services.DataServiceTest" time="0"/>
  <testcase name="ensureThatWeCanRetrieveFellowshipMultipleTimes[999]" classname="com.giangvt.unittest.services.DataServiceTest" time="0"/>
  <testcase name="ensureThatWeCanRetrieveFellowshipMultipleTimes[1000]" classname="com.giangvt.unittest.services.DataServiceTest" time="0"/>
  <testcase name="ensureThatEqualsWorksForCharaters" classname="com.giangvt.unittest.services.DataServiceTest" time="0.001"/>
  <testcase name="ensureThatAgeMustBeLargerThanZeroViaSetter" classname="com.giangvt.unittest.services.DataServiceTest" time="0.001"/>
  <testcase name="ensureFellowShipCharacterAccessByNameReturnsNullForUnknownCharacter" classname="com.giangvt.unittest.services.DataServiceTest" time="0.002"/>
  <testcase name="checkInheritance" classname="com.giangvt.unittest.services.DataServiceTest" time="0.001"/>
  <testcase name="ensureThatInitializationOfTolkeinCharactorsWorks" classname="com.giangvt.unittest.services.DataServiceTest" time="0.003"/>
  <testcase name="ensureThatFrodoAndGandalfArePartOfTheFellowsip" classname="com.giangvt.unittest.services.DataServiceTest" time="0.001"/>
</testsuite>